The system is: Linux - 5.15.1-051501-generic - x86_64
Compiling the C compiler identification source file "CMakeCCompilerId.c" succeeded.
Compiler: /home/matheus/.espressif/tools/xtensa-esp32-elf/esp-2022r1-RC1-11.2.0/xtensa-esp32-elf/bin/xtensa-esp32-elf-gcc 
Build flags: 
Id flags:  

The output was:
0


Compilation of the C compiler identification source "CMakeCCompilerId.c" produced "a.out"

The C compiler identification is GNU, found in "/home/matheus/Documentos/Micro/lab03/main/cmake-build-debug/CMakeFiles/3.22.3/CompilerIdC/a.out"

Compiling the CXX compiler identification source file "CMakeCXXCompilerId.cpp" succeeded.
Compiler: /home/matheus/.espressif/tools/xtensa-esp32-elf/esp-2022r1-RC1-11.2.0/xtensa-esp32-elf/bin/xtensa-esp32-elf-g++ 
Build flags: 
Id flags:  

The output was:
0


Compilation of the CXX compiler identification source "CMakeCXXCompilerId.cpp" produced "a.out"

The CXX compiler identification is GNU, found in "/home/matheus/Documentos/Micro/lab03/main/cmake-build-debug/CMakeFiles/3.22.3/CompilerIdCXX/a.out"

Detecting C compiler ABI info compiled with the following output:
Change Dir: /home/matheus/Documentos/Micro/lab03/main/cmake-build-debug/CMakeFiles/CMakeTmp

Run Build Command(s):/snap/clion/198/bin/ninja/linux/ninja cmTC_7ee24 && [1/2] Building C object CMakeFiles/cmTC_7ee24.dir/CMakeCCompilerABI.c.o
Using built-in specs.
COLLECT_GCC=/home/matheus/.espressif/tools/xtensa-esp32-elf/esp-2022r1-RC1-11.2.0/xtensa-esp32-elf/bin/xtensa-esp32-elf-gcc
Target: xtensa-esp32-elf
Configured with: /builds/idf/crosstool-NG/.build/xtensa-esp32-elf/src/gcc/configure --build=x86_64-build_pc-linux-gnu --host=x86_64-build_pc-linux-gnu --target=xtensa-esp32-elf --prefix=/builds/idf/crosstool-NG/builds/xtensa-esp32-elf --exec_prefix=/builds/idf/crosstool-NG/builds/xtensa-esp32-elf --with-local-prefix=/builds/idf/crosstool-NG/builds/xtensa-esp32-elf/xtensa-esp32-elf --with-headers=/builds/idf/crosstool-NG/builds/xtensa-esp32-elf/xtensa-esp32-elf/include --with-newlib --enable-threads=no --disable-shared --with-pkgversion='crosstool-NG esp-2022r1-RC1' --disable-__cxa_atexit --enable-cxx-flags=-ffunction-sections --disable-libgomp --disable-libmudflap --disable-libmpx --disable-libssp --disable-libquadmath --disable-libquadmath-support --disable-libstdcxx-verbose --with-gmp=/builds/idf/crosstool-NG/.build/xtensa-esp32-elf/buildtools --with-mpfr=/builds/idf/crosstool-NG/.build/xtensa-esp32-elf/buildtools --with-mpc=/builds/idf/crosstool-NG/.build/xtensa-esp32-elf/buildtools --with-isl=/builds/idf/crosstool-NG/.build/xtensa-esp32-elf/buildtools --enable-lto --enable-target-optspace --without-long-double-128 --disable-nls --enable-multiarch --enable-languages=c,c++ --disable-libstdcxx-verbose --enable-threads=posix --enable-gcov-custom-rtio --enable-libstdcxx-time=yes
Thread model: posix
Supported LTO compression algorithms: zlib
gcc version 11.2.0 (crosstool-NG esp-2022r1-RC1) 
COLLECT_GCC_OPTIONS='-v' '-o' 'CMakeFiles/cmTC_7ee24.dir/CMakeCCompilerABI.c.o' '-c' '-dumpdir' 'CMakeFiles/cmTC_7ee24.dir/'
 /home/matheus/.espressif/tools/xtensa-esp32-elf/esp-2022r1-RC1-11.2.0/xtensa-esp32-elf/bin/../libexec/gcc/xtensa-esp32-elf/11.2.0/cc1 -quiet -v -iprefix /home/matheus/.espressif/tools/xtensa-esp32-elf/esp-2022r1-RC1-11.2.0/xtensa-esp32-elf/bin/../lib/gcc/xtensa-esp32-elf/11.2.0/ /snap/clion/198/bin/cmake/linux/share/cmake-3.22/Modules/CMakeCCompilerABI.c -quiet -dumpdir CMakeFiles/cmTC_7ee24.dir/ -dumpbase CMakeCCompilerABI.c.c -dumpbase-ext .c -version -o /tmp/ccsWj21n.s
GNU C17 (crosstool-NG esp-2022r1-RC1) version 11.2.0 (xtensa-esp32-elf)
	compiled by GNU C version 4.9.2, GMP version 6.2.1, MPFR version 4.1.0, MPC version 1.2.1, isl version isl-0.24-GMP

GGC heuristics: --param ggc-min-expand=100 --param ggc-min-heapsize=131072
ignoring duplicate directory "/home/matheus/.espressif/tools/xtensa-esp32-elf/esp-2022r1-RC1-11.2.0/xtensa-esp32-elf/bin/../lib/gcc/../../lib/gcc/xtensa-esp32-elf/11.2.0/include"
ignoring duplicate directory "/home/matheus/.espressif/tools/xtensa-esp32-elf/esp-2022r1-RC1-11.2.0/xtensa-esp32-elf/bin/../lib/gcc/../../lib/gcc/xtensa-esp32-elf/11.2.0/include-fixed"
ignoring duplicate directory "/home/matheus/.espressif/tools/xtensa-esp32-elf/esp-2022r1-RC1-11.2.0/xtensa-esp32-elf/bin/../lib/gcc/../../lib/gcc/xtensa-esp32-elf/11.2.0/../../../../xtensa-esp32-elf/sys-include"
ignoring duplicate directory "/home/matheus/.espressif/tools/xtensa-esp32-elf/esp-2022r1-RC1-11.2.0/xtensa-esp32-elf/bin/../lib/gcc/../../lib/gcc/xtensa-esp32-elf/11.2.0/../../../../xtensa-esp32-elf/include"
#include "..." search starts here:
#include <...> search starts here:
 /home/matheus/.espressif/tools/xtensa-esp32-elf/esp-2022r1-RC1-11.2.0/xtensa-esp32-elf/bin/../lib/gcc/xtensa-esp32-elf/11.2.0/include
 /home/matheus/.espressif/tools/xtensa-esp32-elf/esp-2022r1-RC1-11.2.0/xtensa-esp32-elf/bin/../lib/gcc/xtensa-esp32-elf/11.2.0/include-fixed
 /home/matheus/.espressif/tools/xtensa-esp32-elf/esp-2022r1-RC1-11.2.0/xtensa-esp32-elf/bin/../lib/gcc/xtensa-esp32-elf/11.2.0/../../../../xtensa-esp32-elf/sys-include
 /home/matheus/.espressif/tools/xtensa-esp32-elf/esp-2022r1-RC1-11.2.0/xtensa-esp32-elf/bin/../lib/gcc/xtensa-esp32-elf/11.2.0/../../../../xtensa-esp32-elf/include
End of search list.
GNU C17 (crosstool-NG esp-2022r1-RC1) version 11.2.0 (xtensa-esp32-elf)
	compiled by GNU C version 4.9.2, GMP version 6.2.1, MPFR version 4.1.0, MPC version 1.2.1, isl version isl-0.24-GMP

GGC heuristics: --param ggc-min-expand=100 --param ggc-min-heapsize=131072
Compiler executable checksum: 8e5197d1123ed5d4dbbb44b526f24c8e
COLLECT_GCC_OPTIONS='-v' '-o' 'CMakeFiles/cmTC_7ee24.dir/CMakeCCompilerABI.c.o' '-c' '-dumpdir' 'CMakeFiles/cmTC_7ee24.dir/'
 /home/matheus/.espressif/tools/xtensa-esp32-elf/esp-2022r1-RC1-11.2.0/xtensa-esp32-elf/bin/../lib/gcc/xtensa-esp32-elf/11.2.0/../../../../xtensa-esp32-elf/bin/as --traditional-format -o CMakeFiles/cmTC_7ee24.dir/CMakeCCompilerABI.c.o /tmp/ccsWj21n.s
COMPILER_PATH=/home/matheus/.espressif/tools/xtensa-esp32-elf/esp-2022r1-RC1-11.2.0/xtensa-esp32-elf/bin/../libexec/gcc/xtensa-esp32-elf/11.2.0/:/home/matheus/.espressif/tools/xtensa-esp32-elf/esp-2022r1-RC1-11.2.0/xtensa-esp32-elf/bin/../libexec/gcc/:/home/matheus/.espressif/tools/xtensa-esp32-elf/esp-2022r1-RC1-11.2.0/xtensa-esp32-elf/bin/../lib/gcc/xtensa-esp32-elf/11.2.0/../../../../xtensa-esp32-elf/bin/
LIBRARY_PATH=/home/matheus/.espressif/tools/xtensa-esp32-elf/esp-2022r1-RC1-11.2.0/xtensa-esp32-elf/bin/../lib/gcc/xtensa-esp32-elf/11.2.0/:/home/matheus/.espressif/tools/xtensa-esp32-elf/esp-2022r1-RC1-11.2.0/xtensa-esp32-elf/bin/../lib/gcc/:/home/matheus/.espressif/tools/xtensa-esp32-elf/esp-2022r1-RC1-11.2.0/xtensa-esp32-elf/bin/../lib/gcc/xtensa-esp32-elf/11.2.0/../../../../xtensa-esp32-elf/lib/
COLLECT_GCC_OPTIONS='-v' '-o' 'CMakeFiles/cmTC_7ee24.dir/CMakeCCompilerABI.c.o' '-c' '-dumpdir' 'CMakeFiles/cmTC_7ee24.dir/CMakeCCompilerABI.c.'
[2/2] Linking C executable cmTC_7ee24
Using built-in specs.
COLLECT_GCC=/home/matheus/.espressif/tools/xtensa-esp32-elf/esp-2022r1-RC1-11.2.0/xtensa-esp32-elf/bin/xtensa-esp32-elf-gcc
COLLECT_LTO_WRAPPER=/home/matheus/.espressif/tools/xtensa-esp32-elf/esp-2022r1-RC1-11.2.0/xtensa-esp32-elf/bin/../libexec/gcc/xtensa-esp32-elf/11.2.0/lto-wrapper
Target: xtensa-esp32-elf
Configured with: /builds/idf/crosstool-NG/.build/xtensa-esp32-elf/src/gcc/configure --build=x86_64-build_pc-linux-gnu --host=x86_64-build_pc-linux-gnu --target=xtensa-esp32-elf --prefix=/builds/idf/crosstool-NG/builds/xtensa-esp32-elf --exec_prefix=/builds/idf/crosstool-NG/builds/xtensa-esp32-elf --with-local-prefix=/builds/idf/crosstool-NG/builds/xtensa-esp32-elf/xtensa-esp32-elf --with-headers=/builds/idf/crosstool-NG/builds/xtensa-esp32-elf/xtensa-esp32-elf/include --with-newlib --enable-threads=no --disable-shared --with-pkgversion='crosstool-NG esp-2022r1-RC1' --disable-__cxa_atexit --enable-cxx-flags=-ffunction-sections --disable-libgomp --disable-libmudflap --disable-libmpx --disable-libssp --disable-libquadmath --disable-libquadmath-support --disable-libstdcxx-verbose --with-gmp=/builds/idf/crosstool-NG/.build/xtensa-esp32-elf/buildtools --with-mpfr=/builds/idf/crosstool-NG/.build/xtensa-esp32-elf/buildtools --with-mpc=/builds/idf/crosstool-NG/.build/xtensa-esp32-elf/buildtools --with-isl=/builds/idf/crosstool-NG/.build/xtensa-esp32-elf/buildtools --enable-lto --enable-target-optspace --without-long-double-128 --disable-nls --enable-multiarch --enable-languages=c,c++ --disable-libstdcxx-verbose --enable-threads=posix --enable-gcov-custom-rtio --enable-libstdcxx-time=yes
Thread model: posix
Supported LTO compression algorithms: zlib
gcc version 11.2.0 (crosstool-NG esp-2022r1-RC1) 
COMPILER_PATH=/home/matheus/.espressif/tools/xtensa-esp32-elf/esp-2022r1-RC1-11.2.0/xtensa-esp32-elf/bin/../libexec/gcc/xtensa-esp32-elf/11.2.0/:/home/matheus/.espressif/tools/xtensa-esp32-elf/esp-2022r1-RC1-11.2.0/xtensa-esp32-elf/bin/../libexec/gcc/:/home/matheus/.espressif/tools/xtensa-esp32-elf/esp-2022r1-RC1-11.2.0/xtensa-esp32-elf/bin/../lib/gcc/xtensa-esp32-elf/11.2.0/../../../../xtensa-esp32-elf/bin/
LIBRARY_PATH=/home/matheus/.espressif/tools/xtensa-esp32-elf/esp-2022r1-RC1-11.2.0/xtensa-esp32-elf/bin/../lib/gcc/xtensa-esp32-elf/11.2.0/:/home/matheus/.espressif/tools/xtensa-esp32-elf/esp-2022r1-RC1-11.2.0/xtensa-esp32-elf/bin/../lib/gcc/:/home/matheus/.espressif/tools/xtensa-esp32-elf/esp-2022r1-RC1-11.2.0/xtensa-esp32-elf/bin/../lib/gcc/xtensa-esp32-elf/11.2.0/../../../../xtensa-esp32-elf/lib/
COLLECT_GCC_OPTIONS='-v' '-rdynamic' '-o' 'cmTC_7ee24' '-dumpdir' 'cmTC_7ee24.'
 /home/matheus/.espressif/tools/xtensa-esp32-elf/esp-2022r1-RC1-11.2.0/xtensa-esp32-elf/bin/../libexec/gcc/xtensa-esp32-elf/11.2.0/collect2 -plugin /home/matheus/.espressif/tools/xtensa-esp32-elf/esp-2022r1-RC1-11.2.0/xtensa-esp32-elf/bin/../libexec/gcc/xtensa-esp32-elf/11.2.0/liblto_plugin.so -plugin-opt=/home/matheus/.espressif/tools/xtensa-esp32-elf/esp-2022r1-RC1-11.2.0/xtensa-esp32-elf/bin/../libexec/gcc/xtensa-esp32-elf/11.2.0/lto-wrapper -plugin-opt=-fresolution=/tmp/ccHC6mvA.res -plugin-opt=-pass-through=-lgcc -plugin-opt=-pass-through=-lc -plugin-opt=-pass-through=-lnosys -plugin-opt=-pass-through=-lc -plugin-opt=-pass-through=-lgcc -export-dynamic -o cmTC_7ee24 /home/matheus/.espressif/tools/xtensa-esp32-elf/esp-2022r1-RC1-11.2.0/xtensa-esp32-elf/bin/../lib/gcc/xtensa-esp32-elf/11.2.0/../../../../xtensa-esp32-elf/lib/crt0.o /home/matheus/.espressif/tools/xtensa-esp32-elf/esp-2022r1-RC1-11.2.0/xtensa-esp32-elf/bin/../lib/gcc/xtensa-esp32-elf/11.2.0/crti.o /home/matheus/.espressif/tools/xtensa-esp32-elf/esp-2022r1-RC1-11.2.0/xtensa-esp32-elf/bin/../lib/gcc/xtensa-esp32-elf/11.2.0/crtbegin.o -L/home/matheus/.espressif/tools/xtensa-esp32-elf/esp-2022r1-RC1-11.2.0/xtensa-esp32-elf/bin/../lib/gcc/xtensa-esp32-elf/11.2.0 -L/home/matheus/.espressif/tools/xtensa-esp32-elf/esp-2022r1-RC1-11.2.0/xtensa-esp32-elf/bin/../lib/gcc -L/home/matheus/.espressif/tools/xtensa-esp32-elf/esp-2022r1-RC1-11.2.0/xtensa-esp32-elf/bin/../lib/gcc/xtensa-esp32-elf/11.2.0/../../../../xtensa-esp32-elf/lib CMakeFiles/cmTC_7ee24.dir/CMakeCCompilerABI.c.o -lgcc -lc -lnosys -lc -lgcc /home/matheus/.espressif/tools/xtensa-esp32-elf/esp-2022r1-RC1-11.2.0/xtensa-esp32-elf/bin/../lib/gcc/xtensa-esp32-elf/11.2.0/crtend.o /home/matheus/.espressif/tools/xtensa-esp32-elf/esp-2022r1-RC1-11.2.0/xtensa-esp32-elf/bin/../lib/gcc/xtensa-esp32-elf/11.2.0/crtn.o
COLLECT_GCC_OPTIONS='-v' '-rdynamic' '-o' 'cmTC_7ee24' '-dumpdir' 'cmTC_7ee24.'



Parsed C implicit include dir info from above output: rv=done
  found start of include info
  found start of implicit include info
    add: [/home/matheus/.espressif/tools/xtensa-esp32-elf/esp-2022r1-RC1-11.2.0/xtensa-esp32-elf/bin/../lib/gcc/xtensa-esp32-elf/11.2.0/include]
    add: [/home/matheus/.espressif/tools/xtensa-esp32-elf/esp-2022r1-RC1-11.2.0/xtensa-esp32-elf/bin/../lib/gcc/xtensa-esp32-elf/11.2.0/include-fixed]
    add: [/home/matheus/.espressif/tools/xtensa-esp32-elf/esp-2022r1-RC1-11.2.0/xtensa-esp32-elf/bin/../lib/gcc/xtensa-esp32-elf/11.2.0/../../../../xtensa-esp32-elf/sys-include]
    add: [/home/matheus/.espressif/tools/xtensa-esp32-elf/esp-2022r1-RC1-11.2.0/xtensa-esp32-elf/bin/../lib/gcc/xtensa-esp32-elf/11.2.0/../../../../xtensa-esp32-elf/include]
  end of search list found
  collapse include dir [/home/matheus/.espressif/tools/xtensa-esp32-elf/esp-2022r1-RC1-11.2.0/xtensa-esp32-elf/bin/../lib/gcc/xtensa-esp32-elf/11.2.0/include] ==> [/home/matheus/.espressif/tools/xtensa-esp32-elf/esp-2022r1-RC1-11.2.0/xtensa-esp32-elf/lib/gcc/xtensa-esp32-elf/11.2.0/include]
  collapse include dir [/home/matheus/.espressif/tools/xtensa-esp32-elf/esp-2022r1-RC1-11.2.0/xtensa-esp32-elf/bin/../lib/gcc/xtensa-esp32-elf/11.2.0/include-fixed] ==> [/home/matheus/.espressif/tools/xtensa-esp32-elf/esp-2022r1-RC1-11.2.0/xtensa-esp32-elf/lib/gcc/xtensa-esp32-elf/11.2.0/include-fixed]
  collapse include dir [/home/matheus/.espressif/tools/xtensa-esp32-elf/esp-2022r1-RC1-11.2.0/xtensa-esp32-elf/bin/../lib/gcc/xtensa-esp32-elf/11.2.0/../../../../xtensa-esp32-elf/sys-include] ==> [/home/matheus/.espressif/tools/xtensa-esp32-elf/esp-2022r1-RC1-11.2.0/xtensa-esp32-elf/xtensa-esp32-elf/sys-include]
  collapse include dir [/home/matheus/.espressif/tools/xtensa-esp32-elf/esp-2022r1-RC1-11.2.0/xtensa-esp32-elf/bin/../lib/gcc/xtensa-esp32-elf/11.2.0/../../../../xtensa-esp32-elf/include] ==> [/home/matheus/.espressif/tools/xtensa-esp32-elf/esp-2022r1-RC1-11.2.0/xtensa-esp32-elf/xtensa-esp32-elf/include]
  implicit include dirs: [/home/matheus/.espressif/tools/xtensa-esp32-elf/esp-2022r1-RC1-11.2.0/xtensa-esp32-elf/lib/gcc/xtensa-esp32-elf/11.2.0/include;/home/matheus/.espressif/tools/xtensa-esp32-elf/esp-2022r1-RC1-11.2.0/xtensa-esp32-elf/lib/gcc/xtensa-esp32-elf/11.2.0/include-fixed;/home/matheus/.espressif/tools/xtensa-esp32-elf/esp-2022r1-RC1-11.2.0/xtensa-esp32-elf/xtensa-esp32-elf/sys-include;/home/matheus/.espressif/tools/xtensa-esp32-elf/esp-2022r1-RC1-11.2.0/xtensa-esp32-elf/xtensa-esp32-elf/include]


Parsed C implicit link information from above output:
  link line regex: [^( *|.*[/\])(xtensa-esp32-elf-ld|CMAKE_LINK_STARTFILE-NOTFOUND|([^/\]+-)?ld|collect2)[^/\]*( |$)]
  ignore line: [Change Dir: /home/matheus/Documentos/Micro/lab03/main/cmake-build-debug/CMakeFiles/CMakeTmp]
  ignore line: []
  ignore line: [Run Build Command(s):/snap/clion/198/bin/ninja/linux/ninja cmTC_7ee24 && [1/2] Building C object CMakeFiles/cmTC_7ee24.dir/CMakeCCompilerABI.c.o]
  ignore line: [Using built-in specs.]
  ignore line: [COLLECT_GCC=/home/matheus/.espressif/tools/xtensa-esp32-elf/esp-2022r1-RC1-11.2.0/xtensa-esp32-elf/bin/xtensa-esp32-elf-gcc]
  ignore line: [Target: xtensa-esp32-elf]
  ignore line: [Configured with: /builds/idf/crosstool-NG/.build/xtensa-esp32-elf/src/gcc/configure --build=x86_64-build_pc-linux-gnu --host=x86_64-build_pc-linux-gnu --target=xtensa-esp32-elf --prefix=/builds/idf/crosstool-NG/builds/xtensa-esp32-elf --exec_prefix=/builds/idf/crosstool-NG/builds/xtensa-esp32-elf --with-local-prefix=/builds/idf/crosstool-NG/builds/xtensa-esp32-elf/xtensa-esp32-elf --with-headers=/builds/idf/crosstool-NG/builds/xtensa-esp32-elf/xtensa-esp32-elf/include --with-newlib --enable-threads=no --disable-shared --with-pkgversion='crosstool-NG esp-2022r1-RC1' --disable-__cxa_atexit --enable-cxx-flags=-ffunction-sections --disable-libgomp --disable-libmudflap --disable-libmpx --disable-libssp --disable-libquadmath --disable-libquadmath-support --disable-libstdcxx-verbose --with-gmp=/builds/idf/crosstool-NG/.build/xtensa-esp32-elf/buildtools --with-mpfr=/builds/idf/crosstool-NG/.build/xtensa-esp32-elf/buildtools --with-mpc=/builds/idf/crosstool-NG/.build/xtensa-esp32-elf/buildtools --with-isl=/builds/idf/crosstool-NG/.build/xtensa-esp32-elf/buildtools --enable-lto --enable-target-optspace --without-long-double-128 --disable-nls --enable-multiarch --enable-languages=c c++ --disable-libstdcxx-verbose --enable-threads=posix --enable-gcov-custom-rtio --enable-libstdcxx-time=yes]
  ignore line: [Thread model: posix]
  ignore line: [Supported LTO compression algorithms: zlib]
  ignore line: [gcc version 11.2.0 (crosstool-NG esp-2022r1-RC1) ]
  ignore line: [COLLECT_GCC_OPTIONS='-v' '-o' 'CMakeFiles/cmTC_7ee24.dir/CMakeCCompilerABI.c.o' '-c' '-dumpdir' 'CMakeFiles/cmTC_7ee24.dir/']
  ignore line: [ /home/matheus/.espressif/tools/xtensa-esp32-elf/esp-2022r1-RC1-11.2.0/xtensa-esp32-elf/bin/../libexec/gcc/xtensa-esp32-elf/11.2.0/cc1 -quiet -v -iprefix /home/matheus/.espressif/tools/xtensa-esp32-elf/esp-2022r1-RC1-11.2.0/xtensa-esp32-elf/bin/../lib/gcc/xtensa-esp32-elf/11.2.0/ /snap/clion/198/bin/cmake/linux/share/cmake-3.22/Modules/CMakeCCompilerABI.c -quiet -dumpdir CMakeFiles/cmTC_7ee24.dir/ -dumpbase CMakeCCompilerABI.c.c -dumpbase-ext .c -version -o /tmp/ccsWj21n.s]
  ignore line: [GNU C17 (crosstool-NG esp-2022r1-RC1) version 11.2.0 (xtensa-esp32-elf)]
  ignore line: [	compiled by GNU C version 4.9.2  GMP version 6.2.1  MPFR version 4.1.0  MPC version 1.2.1  isl version isl-0.24-GMP]
  ignore line: []
  ignore line: [GGC heuristics: --param ggc-min-expand=100 --param ggc-min-heapsize=131072]
  ignore line: [ignoring duplicate directory "/home/matheus/.espressif/tools/xtensa-esp32-elf/esp-2022r1-RC1-11.2.0/xtensa-esp32-elf/bin/../lib/gcc/../../lib/gcc/xtensa-esp32-elf/11.2.0/include"]
  ignore line: [ignoring duplicate directory "/home/matheus/.espressif/tools/xtensa-esp32-elf/esp-2022r1-RC1-11.2.0/xtensa-esp32-elf/bin/../lib/gcc/../../lib/gcc/xtensa-esp32-elf/11.2.0/include-fixed"]
  ignore line: [ignoring duplicate directory "/home/matheus/.espressif/tools/xtensa-esp32-elf/esp-2022r1-RC1-11.2.0/xtensa-esp32-elf/bin/../lib/gcc/../../lib/gcc/xtensa-esp32-elf/11.2.0/../../../../xtensa-esp32-elf/sys-include"]
  ignore line: [ignoring duplicate directory "/home/matheus/.espressif/tools/xtensa-esp32-elf/esp-2022r1-RC1-11.2.0/xtensa-esp32-elf/bin/../lib/gcc/../../lib/gcc/xtensa-esp32-elf/11.2.0/../../../../xtensa-esp32-elf/include"]
  ignore line: [#include "..." search starts here:]
  ignore line: [#include <...> search starts here:]
  ignore line: [ /home/matheus/.espressif/tools/xtensa-esp32-elf/esp-2022r1-RC1-11.2.0/xtensa-esp32-elf/bin/../lib/gcc/xtensa-esp32-elf/11.2.0/include]
  ignore line: [ /home/matheus/.espressif/tools/xtensa-esp32-elf/esp-2022r1-RC1-11.2.0/xtensa-esp32-elf/bin/../lib/gcc/xtensa-esp32-elf/11.2.0/include-fixed]
  ignore line: [ /home/matheus/.espressif/tools/xtensa-esp32-elf/esp-2022r1-RC1-11.2.0/xtensa-esp32-elf/bin/../lib/gcc/xtensa-esp32-elf/11.2.0/../../../../xtensa-esp32-elf/sys-include]
  ignore line: [ /home/matheus/.espressif/tools/xtensa-esp32-elf/esp-2022r1-RC1-11.2.0/xtensa-esp32-elf/bin/../lib/gcc/xtensa-esp32-elf/11.2.0/../../../../xtensa-esp32-elf/include]
  ignore line: [End of search list.]
  ignore line: [GNU C17 (crosstool-NG esp-2022r1-RC1) version 11.2.0 (xtensa-esp32-elf)]
  ignore line: [	compiled by GNU C version 4.9.2  GMP version 6.2.1  MPFR version 4.1.0  MPC version 1.2.1  isl version isl-0.24-GMP]
  ignore line: []
  ignore line: [GGC heuristics: --param ggc-min-expand=100 --param ggc-min-heapsize=131072]
  ignore line: [Compiler executable checksum: 8e5197d1123ed5d4dbbb44b526f24c8e]
  ignore line: [COLLECT_GCC_OPTIONS='-v' '-o' 'CMakeFiles/cmTC_7ee24.dir/CMakeCCompilerABI.c.o' '-c' '-dumpdir' 'CMakeFiles/cmTC_7ee24.dir/']
  ignore line: [ /home/matheus/.espressif/tools/xtensa-esp32-elf/esp-2022r1-RC1-11.2.0/xtensa-esp32-elf/bin/../lib/gcc/xtensa-esp32-elf/11.2.0/../../../../xtensa-esp32-elf/bin/as --traditional-format -o CMakeFiles/cmTC_7ee24.dir/CMakeCCompilerABI.c.o /tmp/ccsWj21n.s]
  ignore line: [COMPILER_PATH=/home/matheus/.espressif/tools/xtensa-esp32-elf/esp-2022r1-RC1-11.2.0/xtensa-esp32-elf/bin/../libexec/gcc/xtensa-esp32-elf/11.2.0/:/home/matheus/.espressif/tools/xtensa-esp32-elf/esp-2022r1-RC1-11.2.0/xtensa-esp32-elf/bin/../libexec/gcc/:/home/matheus/.espressif/tools/xtensa-esp32-elf/esp-2022r1-RC1-11.2.0/xtensa-esp32-elf/bin/../lib/gcc/xtensa-esp32-elf/11.2.0/../../../../xtensa-esp32-elf/bin/]
  ignore line: [LIBRARY_PATH=/home/matheus/.espressif/tools/xtensa-esp32-elf/esp-2022r1-RC1-11.2.0/xtensa-esp32-elf/bin/../lib/gcc/xtensa-esp32-elf/11.2.0/:/home/matheus/.espressif/tools/xtensa-esp32-elf/esp-2022r1-RC1-11.2.0/xtensa-esp32-elf/bin/../lib/gcc/:/home/matheus/.espressif/tools/xtensa-esp32-elf/esp-2022r1-RC1-11.2.0/xtensa-esp32-elf/bin/../lib/gcc/xtensa-esp32-elf/11.2.0/../../../../xtensa-esp32-elf/lib/]
  ignore line: [COLLECT_GCC_OPTIONS='-v' '-o' 'CMakeFiles/cmTC_7ee24.dir/CMakeCCompilerABI.c.o' '-c' '-dumpdir' 'CMakeFiles/cmTC_7ee24.dir/CMakeCCompilerABI.c.']
  ignore line: [[2/2] Linking C executable cmTC_7ee24]
  ignore line: [Using built-in specs.]
  ignore line: [COLLECT_GCC=/home/matheus/.espressif/tools/xtensa-esp32-elf/esp-2022r1-RC1-11.2.0/xtensa-esp32-elf/bin/xtensa-esp32-elf-gcc]
  ignore line: [COLLECT_LTO_WRAPPER=/home/matheus/.espressif/tools/xtensa-esp32-elf/esp-2022r1-RC1-11.2.0/xtensa-esp32-elf/bin/../libexec/gcc/xtensa-esp32-elf/11.2.0/lto-wrapper]
  ignore line: [Target: xtensa-esp32-elf]
  ignore line: [Configured with: /builds/idf/crosstool-NG/.build/xtensa-esp32-elf/src/gcc/configure --build=x86_64-build_pc-linux-gnu --host=x86_64-build_pc-linux-gnu --target=xtensa-esp32-elf --prefix=/builds/idf/crosstool-NG/builds/xtensa-esp32-elf --exec_prefix=/builds/idf/crosstool-NG/builds/xtensa-esp32-elf --with-local-prefix=/builds/idf/crosstool-NG/builds/xtensa-esp32-elf/xtensa-esp32-elf --with-headers=/builds/idf/crosstool-NG/builds/xtensa-esp32-elf/xtensa-esp32-elf/include --with-newlib --enable-threads=no --disable-shared --with-pkgversion='crosstool-NG esp-2022r1-RC1' --disable-__cxa_atexit --enable-cxx-flags=-ffunction-sections --disable-libgomp --disable-libmudflap --disable-libmpx --disable-libssp --disable-libquadmath --disable-libquadmath-support --disable-libstdcxx-verbose --with-gmp=/builds/idf/crosstool-NG/.build/xtensa-esp32-elf/buildtools --with-mpfr=/builds/idf/crosstool-NG/.build/xtensa-esp32-elf/buildtools --with-mpc=/builds/idf/crosstool-NG/.build/xtensa-esp32-elf/buildtools --with-isl=/builds/idf/crosstool-NG/.build/xtensa-esp32-elf/buildtools --enable-lto --enable-target-optspace --without-long-double-128 --disable-nls --enable-multiarch --enable-languages=c c++ --disable-libstdcxx-verbose --enable-threads=posix --enable-gcov-custom-rtio --enable-libstdcxx-time=yes]
  ignore line: [Thread model: posix]
  ignore line: [Supported LTO compression algorithms: zlib]
  ignore line: [gcc version 11.2.0 (crosstool-NG esp-2022r1-RC1) ]
  ignore line: [COMPILER_PATH=/home/matheus/.espressif/tools/xtensa-esp32-elf/esp-2022r1-RC1-11.2.0/xtensa-esp32-elf/bin/../libexec/gcc/xtensa-esp32-elf/11.2.0/:/home/matheus/.espressif/tools/xtensa-esp32-elf/esp-2022r1-RC1-11.2.0/xtensa-esp32-elf/bin/../libexec/gcc/:/home/matheus/.espressif/tools/xtensa-esp32-elf/esp-2022r1-RC1-11.2.0/xtensa-esp32-elf/bin/../lib/gcc/xtensa-esp32-elf/11.2.0/../../../../xtensa-esp32-elf/bin/]
  ignore line: [LIBRARY_PATH=/home/matheus/.espressif/tools/xtensa-esp32-elf/esp-2022r1-RC1-11.2.0/xtensa-esp32-elf/bin/../lib/gcc/xtensa-esp32-elf/11.2.0/:/home/matheus/.espressif/tools/xtensa-esp32-elf/esp-2022r1-RC1-11.2.0/xtensa-esp32-elf/bin/../lib/gcc/:/home/matheus/.espressif/tools/xtensa-esp32-elf/esp-2022r1-RC1-11.2.0/xtensa-esp32-elf/bin/../lib/gcc/xtensa-esp32-elf/11.2.0/../../../../xtensa-esp32-elf/lib/]
  ignore line: [COLLECT_GCC_OPTIONS='-v' '-rdynamic' '-o' 'cmTC_7ee24' '-dumpdir' 'cmTC_7ee24.']
  link line: [ /home/matheus/.espressif/tools/xtensa-esp32-elf/esp-2022r1-RC1-11.2.0/xtensa-esp32-elf/bin/../libexec/gcc/xtensa-esp32-elf/11.2.0/collect2 -plugin /home/matheus/.espressif/tools/xtensa-esp32-elf/esp-2022r1-RC1-11.2.0/xtensa-esp32-elf/bin/../libexec/gcc/xtensa-esp32-elf/11.2.0/liblto_plugin.so -plugin-opt=/home/matheus/.espressif/tools/xtensa-esp32-elf/esp-2022r1-RC1-11.2.0/xtensa-esp32-elf/bin/../libexec/gcc/xtensa-esp32-elf/11.2.0/lto-wrapper -plugin-opt=-fresolution=/tmp/ccHC6mvA.res -plugin-opt=-pass-through=-lgcc -plugin-opt=-pass-through=-lc -plugin-opt=-pass-through=-lnosys -plugin-opt=-pass-through=-lc -plugin-opt=-pass-through=-lgcc -export-dynamic -o cmTC_7ee24 /home/matheus/.espressif/tools/xtensa-esp32-elf/esp-2022r1-RC1-11.2.0/xtensa-esp32-elf/bin/../lib/gcc/xtensa-esp32-elf/11.2.0/../../../../xtensa-esp32-elf/lib/crt0.o /home/matheus/.espressif/tools/xtensa-esp32-elf/esp-2022r1-RC1-11.2.0/xtensa-esp32-elf/bin/../lib/gcc/xtensa-esp32-elf/11.2.0/crti.o /home/matheus/.espressif/tools/xtensa-esp32-elf/esp-2022r1-RC1-11.2.0/xtensa-esp32-elf/bin/../lib/gcc/xtensa-esp32-elf/11.2.0/crtbegin.o -L/home/matheus/.espressif/tools/xtensa-esp32-elf/esp-2022r1-RC1-11.2.0/xtensa-esp32-elf/bin/../lib/gcc/xtensa-esp32-elf/11.2.0 -L/home/matheus/.espressif/tools/xtensa-esp32-elf/esp-2022r1-RC1-11.2.0/xtensa-esp32-elf/bin/../lib/gcc -L/home/matheus/.espressif/tools/xtensa-esp32-elf/esp-2022r1-RC1-11.2.0/xtensa-esp32-elf/bin/../lib/gcc/xtensa-esp32-elf/11.2.0/../../../../xtensa-esp32-elf/lib CMakeFiles/cmTC_7ee24.dir/CMakeCCompilerABI.c.o -lgcc -lc -lnosys -lc -lgcc /home/matheus/.espressif/tools/xtensa-esp32-elf/esp-2022r1-RC1-11.2.0/xtensa-esp32-elf/bin/../lib/gcc/xtensa-esp32-elf/11.2.0/crtend.o /home/matheus/.espressif/tools/xtensa-esp32-elf/esp-2022r1-RC1-11.2.0/xtensa-esp32-elf/bin/../lib/gcc/xtensa-esp32-elf/11.2.0/crtn.o]
    arg [/home/matheus/.espressif/tools/xtensa-esp32-elf/esp-2022r1-RC1-11.2.0/xtensa-esp32-elf/bin/../libexec/gcc/xtensa-esp32-elf/11.2.0/collect2] ==> ignore
    arg [-plugin] ==> ignore
    arg [/home/matheus/.espressif/tools/xtensa-esp32-elf/esp-2022r1-RC1-11.2.0/xtensa-esp32-elf/bin/../libexec/gcc/xtensa-esp32-elf/11.2.0/liblto_plugin.so] ==> ignore
    arg [-plugin-opt=/home/matheus/.espressif/tools/xtensa-esp32-elf/esp-2022r1-RC1-11.2.0/xtensa-esp32-elf/bin/../libexec/gcc/xtensa-esp32-elf/11.2.0/lto-wrapper] ==> ignore
    arg [-plugin-opt=-fresolution=/tmp/ccHC6mvA.res] ==> ignore
    arg [-plugin-opt=-pass-through=-lgcc] ==> ignore
    arg [-plugin-opt=-pass-through=-lc] ==> ignore
    arg [-plugin-opt=-pass-through=-lnosys] ==> ignore
    arg [-plugin-opt=-pass-through=-lc] ==> ignore
    arg [-plugin-opt=-pass-through=-lgcc] ==> ignore
    arg [-export-dynamic] ==> ignore
    arg [-o] ==> ignore
    arg [cmTC_7ee24] ==> ignore
    arg [/home/matheus/.espressif/tools/xtensa-esp32-elf/esp-2022r1-RC1-11.2.0/xtensa-esp32-elf/bin/../lib/gcc/xtensa-esp32-elf/11.2.0/../../../../xtensa-esp32-elf/lib/crt0.o] ==> obj [/home/matheus/.espressif/tools/xtensa-esp32-elf/esp-2022r1-RC1-11.2.0/xtensa-esp32-elf/bin/../lib/gcc/xtensa-esp32-elf/11.2.0/../../../../xtensa-esp32-elf/lib/crt0.o]
    arg [/home/matheus/.espressif/tools/xtensa-esp32-elf/esp-2022r1-RC1-11.2.0/xtensa-esp32-elf/bin/../lib/gcc/xtensa-esp32-elf/11.2.0/crti.o] ==> obj [/home/matheus/.espressif/tools/xtensa-esp32-elf/esp-2022r1-RC1-11.2.0/xtensa-esp32-elf/bin/../lib/gcc/xtensa-esp32-elf/11.2.0/crti.o]
    arg [/home/matheus/.espressif/tools/xtensa-esp32-elf/esp-2022r1-RC1-11.2.0/xtensa-esp32-elf/bin/../lib/gcc/xtensa-esp32-elf/11.2.0/crtbegin.o] ==> obj [/home/matheus/.espressif/tools/xtensa-esp32-elf/esp-2022r1-RC1-11.2.0/xtensa-esp32-elf/bin/../lib/gcc/xtensa-esp32-elf/11.2.0/crtbegin.o]
    arg [-L/home/matheus/.espressif/tools/xtensa-esp32-elf/esp-2022r1-RC1-11.2.0/xtensa-esp32-elf/bin/../lib/gcc/xtensa-esp32-elf/11.2.0] ==> dir [/home/matheus/.espressif/tools/xtensa-esp32-elf/esp-2022r1-RC1-11.2.0/xtensa-esp32-elf/bin/../lib/gcc/xtensa-esp32-elf/11.2.0]
    arg [-L/home/matheus/.espressif/tools/xtensa-esp32-elf/esp-2022r1-RC1-11.2.0/xtensa-esp32-elf/bin/../lib/gcc] ==> dir [/home/matheus/.espressif/tools/xtensa-esp32-elf/esp-2022r1-RC1-11.2.0/xtensa-esp32-elf/bin/../lib/gcc]
    arg [-L/home/matheus/.espressif/tools/xtensa-esp32-elf/esp-2022r1-RC1-11.2.0/xtensa-esp32-elf/bin/../lib/gcc/xtensa-esp32-elf/11.2.0/../../../../xtensa-esp32-elf/lib] ==> dir [/home/matheus/.espressif/tools/xtensa-esp32-elf/esp-2022r1-RC1-11.2.0/xtensa-esp32-elf/bin/../lib/gcc/xtensa-esp32-elf/11.2.0/../../../../xtensa-esp32-elf/lib]
    arg [CMakeFiles/cmTC_7ee24.dir/CMakeCCompilerABI.c.o] ==> ignore
    arg [-lgcc] ==> lib [gcc]
    arg [-lc] ==> lib [c]
    arg [-lnosys] ==> lib [nosys]
    arg [-lc] ==> lib [c]
    arg [-lgcc] ==> lib [gcc]
    arg [/home/matheus/.espressif/tools/xtensa-esp32-elf/esp-2022r1-RC1-11.2.0/xtensa-esp32-elf/bin/../lib/gcc/xtensa-esp32-elf/11.2.0/crtend.o] ==> obj [/home/matheus/.espressif/tools/xtensa-esp32-elf/esp-2022r1-RC1-11.2.0/xtensa-esp32-elf/bin/../lib/gcc/xtensa-esp32-elf/11.2.0/crtend.o]
    arg [/home/matheus/.espressif/tools/xtensa-esp32-elf/esp-2022r1-RC1-11.2.0/xtensa-esp32-elf/bin/../lib/gcc/xtensa-esp32-elf/11.2.0/crtn.o] ==> obj [/home/matheus/.espressif/tools/xtensa-esp32-elf/esp-2022r1-RC1-11.2.0/xtensa-esp32-elf/bin/../lib/gcc/xtensa-esp32-elf/11.2.0/crtn.o]
  collapse obj [/home/matheus/.espressif/tools/xtensa-esp32-elf/esp-2022r1-RC1-11.2.0/xtensa-esp32-elf/bin/../lib/gcc/xtensa-esp32-elf/11.2.0/../../../../xtensa-esp32-elf/lib/crt0.o] ==> [/home/matheus/.espressif/tools/xtensa-esp32-elf/esp-2022r1-RC1-11.2.0/xtensa-esp32-elf/xtensa-esp32-elf/lib/crt0.o]
  collapse obj [/home/matheus/.espressif/tools/xtensa-esp32-elf/esp-2022r1-RC1-11.2.0/xtensa-esp32-elf/bin/../lib/gcc/xtensa-esp32-elf/11.2.0/crti.o] ==> [/home/matheus/.espressif/tools/xtensa-esp32-elf/esp-2022r1-RC1-11.2.0/xtensa-esp32-elf/lib/gcc/xtensa-esp32-elf/11.2.0/crti.o]
  collapse obj [/home/matheus/.espressif/tools/xtensa-esp32-elf/esp-2022r1-RC1-11.2.0/xtensa-esp32-elf/bin/../lib/gcc/xtensa-esp32-elf/11.2.0/crtbegin.o] ==> [/home/matheus/.espressif/tools/xtensa-esp32-elf/esp-2022r1-RC1-11.2.0/xtensa-esp32-elf/lib/gcc/xtensa-esp32-elf/11.2.0/crtbegin.o]
  collapse obj [/home/matheus/.espressif/tools/xtensa-esp32-elf/esp-2022r1-RC1-11.2.0/xtensa-esp32-elf/bin/../lib/gcc/xtensa-esp32-elf/11.2.0/crtend.o] ==> [/home/matheus/.espressif/tools/xtensa-esp32-elf/esp-2022r1-RC1-11.2.0/xtensa-esp32-elf/lib/gcc/xtensa-esp32-elf/11.2.0/crtend.o]
  collapse obj [/home/matheus/.espressif/tools/xtensa-esp32-elf/esp-2022r1-RC1-11.2.0/xtensa-esp32-elf/bin/../lib/gcc/xtensa-esp32-elf/11.2.0/crtn.o] ==> [/home/matheus/.espressif/tools/xtensa-esp32-elf/esp-2022r1-RC1-11.2.0/xtensa-esp32-elf/lib/gcc/xtensa-esp32-elf/11.2.0/crtn.o]
  collapse library dir [/home/matheus/.espressif/tools/xtensa-esp32-elf/esp-2022r1-RC1-11.2.0/xtensa-esp32-elf/bin/../lib/gcc/xtensa-esp32-elf/11.2.0] ==> [/home/matheus/.espressif/tools/xtensa-esp32-elf/esp-2022r1-RC1-11.2.0/xtensa-esp32-elf/lib/gcc/xtensa-esp32-elf/11.2.0]
  collapse library dir [/home/matheus/.espressif/tools/xtensa-esp32-elf/esp-2022r1-RC1-11.2.0/xtensa-esp32-elf/bin/../lib/gcc] ==> [/home/matheus/.espressif/tools/xtensa-esp32-elf/esp-2022r1-RC1-11.2.0/xtensa-esp32-elf/lib/gcc]
  collapse library dir [/home/matheus/.espressif/tools/xtensa-esp32-elf/esp-2022r1-RC1-11.2.0/xtensa-esp32-elf/bin/../lib/gcc/xtensa-esp32-elf/11.2.0/../../../../xtensa-esp32-elf/lib] ==> [/home/matheus/.espressif/tools/xtensa-esp32-elf/esp-2022r1-RC1-11.2.0/xtensa-esp32-elf/xtensa-esp32-elf/lib]
  implicit libs: [gcc;c;nosys;c;gcc]
  implicit objs: [/home/matheus/.espressif/tools/xtensa-esp32-elf/esp-2022r1-RC1-11.2.0/xtensa-esp32-elf/xtensa-esp32-elf/lib/crt0.o;/home/matheus/.espressif/tools/xtensa-esp32-elf/esp-2022r1-RC1-11.2.0/xtensa-esp32-elf/lib/gcc/xtensa-esp32-elf/11.2.0/crti.o;/home/matheus/.espressif/tools/xtensa-esp32-elf/esp-2022r1-RC1-11.2.0/xtensa-esp32-elf/lib/gcc/xtensa-esp32-elf/11.2.0/crtbegin.o;/home/matheus/.espressif/tools/xtensa-esp32-elf/esp-2022r1-RC1-11.2.0/xtensa-esp32-elf/lib/gcc/xtensa-esp32-elf/11.2.0/crtend.o;/home/matheus/.espressif/tools/xtensa-esp32-elf/esp-2022r1-RC1-11.2.0/xtensa-esp32-elf/lib/gcc/xtensa-esp32-elf/11.2.0/crtn.o]
  implicit dirs: [/home/matheus/.espressif/tools/xtensa-esp32-elf/esp-2022r1-RC1-11.2.0/xtensa-esp32-elf/lib/gcc/xtensa-esp32-elf/11.2.0;/home/matheus/.espressif/tools/xtensa-esp32-elf/esp-2022r1-RC1-11.2.0/xtensa-esp32-elf/lib/gcc;/home/matheus/.espressif/tools/xtensa-esp32-elf/esp-2022r1-RC1-11.2.0/xtensa-esp32-elf/xtensa-esp32-elf/lib]
  implicit fwks: []


Detecting CXX compiler ABI info compiled with the following output:
Change Dir: /home/matheus/Documentos/Micro/lab03/main/cmake-build-debug/CMakeFiles/CMakeTmp

Run Build Command(s):/snap/clion/198/bin/ninja/linux/ninja cmTC_0906a && [1/2] Building CXX object CMakeFiles/cmTC_0906a.dir/CMakeCXXCompilerABI.cpp.o
Using built-in specs.
COLLECT_GCC=/home/matheus/.espressif/tools/xtensa-esp32-elf/esp-2022r1-RC1-11.2.0/xtensa-esp32-elf/bin/xtensa-esp32-elf-g++
Target: xtensa-esp32-elf
Configured with: /builds/idf/crosstool-NG/.build/xtensa-esp32-elf/src/gcc/configure --build=x86_64-build_pc-linux-gnu --host=x86_64-build_pc-linux-gnu --target=xtensa-esp32-elf --prefix=/builds/idf/crosstool-NG/builds/xtensa-esp32-elf --exec_prefix=/builds/idf/crosstool-NG/builds/xtensa-esp32-elf --with-local-prefix=/builds/idf/crosstool-NG/builds/xtensa-esp32-elf/xtensa-esp32-elf --with-headers=/builds/idf/crosstool-NG/builds/xtensa-esp32-elf/xtensa-esp32-elf/include --with-newlib --enable-threads=no --disable-shared --with-pkgversion='crosstool-NG esp-2022r1-RC1' --disable-__cxa_atexit --enable-cxx-flags=-ffunction-sections --disable-libgomp --disable-libmudflap --disable-libmpx --disable-libssp --disable-libquadmath --disable-libquadmath-support --disable-libstdcxx-verbose --with-gmp=/builds/idf/crosstool-NG/.build/xtensa-esp32-elf/buildtools --with-mpfr=/builds/idf/crosstool-NG/.build/xtensa-esp32-elf/buildtools --with-mpc=/builds/idf/crosstool-NG/.build/xtensa-esp32-elf/buildtools --with-isl=/builds/idf/crosstool-NG/.build/xtensa-esp32-elf/buildtools --enable-lto --enable-target-optspace --without-long-double-128 --disable-nls --enable-multiarch --enable-languages=c,c++ --disable-libstdcxx-verbose --enable-threads=posix --enable-gcov-custom-rtio --enable-libstdcxx-time=yes
Thread model: posix
Supported LTO compression algorithms: zlib
gcc version 11.2.0 (crosstool-NG esp-2022r1-RC1) 
COLLECT_GCC_OPTIONS='-v' '-o' 'CMakeFiles/cmTC_0906a.dir/CMakeCXXCompilerABI.cpp.o' '-c' '-dumpdir' 'CMakeFiles/cmTC_0906a.dir/'
 /home/matheus/.espressif/tools/xtensa-esp32-elf/esp-2022r1-RC1-11.2.0/xtensa-esp32-elf/bin/../libexec/gcc/xtensa-esp32-elf/11.2.0/cc1plus -quiet -v -iprefix /home/matheus/.espressif/tools/xtensa-esp32-elf/esp-2022r1-RC1-11.2.0/xtensa-esp32-elf/bin/../lib/gcc/xtensa-esp32-elf/11.2.0/ /snap/clion/198/bin/cmake/linux/share/cmake-3.22/Modules/CMakeCXXCompilerABI.cpp -quiet -dumpdir CMakeFiles/cmTC_0906a.dir/ -dumpbase CMakeCXXCompilerABI.cpp.cpp -dumpbase-ext .cpp -version -o /tmp/cck0stSZ.s
GNU C++17 (crosstool-NG esp-2022r1-RC1) version 11.2.0 (xtensa-esp32-elf)
	compiled by GNU C version 4.9.2, GMP version 6.2.1, MPFR version 4.1.0, MPC version 1.2.1, isl version isl-0.24-GMP

GGC heuristics: --param ggc-min-expand=100 --param ggc-min-heapsize=131072
ignoring duplicate directory "/home/matheus/.espressif/tools/xtensa-esp32-elf/esp-2022r1-RC1-11.2.0/xtensa-esp32-elf/bin/../lib/gcc/../../lib/gcc/xtensa-esp32-elf/11.2.0/../../../../xtensa-esp32-elf/include/c++/11.2.0"
ignoring duplicate directory "/home/matheus/.espressif/tools/xtensa-esp32-elf/esp-2022r1-RC1-11.2.0/xtensa-esp32-elf/bin/../lib/gcc/../../lib/gcc/xtensa-esp32-elf/11.2.0/../../../../xtensa-esp32-elf/include/c++/11.2.0/xtensa-esp32-elf"
ignoring duplicate directory "/home/matheus/.espressif/tools/xtensa-esp32-elf/esp-2022r1-RC1-11.2.0/xtensa-esp32-elf/bin/../lib/gcc/../../lib/gcc/xtensa-esp32-elf/11.2.0/../../../../xtensa-esp32-elf/include/c++/11.2.0/backward"
ignoring duplicate directory "/home/matheus/.espressif/tools/xtensa-esp32-elf/esp-2022r1-RC1-11.2.0/xtensa-esp32-elf/bin/../lib/gcc/../../lib/gcc/xtensa-esp32-elf/11.2.0/include"
ignoring duplicate directory "/home/matheus/.espressif/tools/xtensa-esp32-elf/esp-2022r1-RC1-11.2.0/xtensa-esp32-elf/bin/../lib/gcc/../../lib/gcc/xtensa-esp32-elf/11.2.0/include-fixed"
ignoring duplicate directory "/home/matheus/.espressif/tools/xtensa-esp32-elf/esp-2022r1-RC1-11.2.0/xtensa-esp32-elf/bin/../lib/gcc/../../lib/gcc/xtensa-esp32-elf/11.2.0/../../../../xtensa-esp32-elf/sys-include"
ignoring duplicate directory "/home/matheus/.espressif/tools/xtensa-esp32-elf/esp-2022r1-RC1-11.2.0/xtensa-esp32-elf/bin/../lib/gcc/../../lib/gcc/xtensa-esp32-elf/11.2.0/../../../../xtensa-esp32-elf/include"
#include "..." search starts here:
#include <...> search starts here:
 /home/matheus/.espressif/tools/xtensa-esp32-elf/esp-2022r1-RC1-11.2.0/xtensa-esp32-elf/bin/../lib/gcc/xtensa-esp32-elf/11.2.0/../../../../xtensa-esp32-elf/include/c++/11.2.0
 /home/matheus/.espressif/tools/xtensa-esp32-elf/esp-2022r1-RC1-11.2.0/xtensa-esp32-elf/bin/../lib/gcc/xtensa-esp32-elf/11.2.0/../../../../xtensa-esp32-elf/include/c++/11.2.0/xtensa-esp32-elf
 /home/matheus/.espressif/tools/xtensa-esp32-elf/esp-2022r1-RC1-11.2.0/xtensa-esp32-elf/bin/../lib/gcc/xtensa-esp32-elf/11.2.0/../../../../xtensa-esp32-elf/include/c++/11.2.0/backward
 /home/matheus/.espressif/tools/xtensa-esp32-elf/esp-2022r1-RC1-11.2.0/xtensa-esp32-elf/bin/../lib/gcc/xtensa-esp32-elf/11.2.0/include
 /home/matheus/.espressif/tools/xtensa-esp32-elf/esp-2022r1-RC1-11.2.0/xtensa-esp32-elf/bin/../lib/gcc/xtensa-esp32-elf/11.2.0/include-fixed
 /home/matheus/.espressif/tools/xtensa-esp32-elf/esp-2022r1-RC1-11.2.0/xtensa-esp32-elf/bin/../lib/gcc/xtensa-esp32-elf/11.2.0/../../../../xtensa-esp32-elf/sys-include
 /home/matheus/.espressif/tools/xtensa-esp32-elf/esp-2022r1-RC1-11.2.0/xtensa-esp32-elf/bin/../lib/gcc/xtensa-esp32-elf/11.2.0/../../../../xtensa-esp32-elf/include
End of search list.
GNU C++17 (crosstool-NG esp-2022r1-RC1) version 11.2.0 (xtensa-esp32-elf)
	compiled by GNU C version 4.9.2, GMP version 6.2.1, MPFR version 4.1.0, MPC version 1.2.1, isl version isl-0.24-GMP

GGC heuristics: --param ggc-min-expand=100 --param ggc-min-heapsize=131072
Compiler executable checksum: 902862fc8915f79a1a5c24e996c9d4be
COLLECT_GCC_OPTIONS='-v' '-o' 'CMakeFiles/cmTC_0906a.dir/CMakeCXXCompilerABI.cpp.o' '-c' '-dumpdir' 'CMakeFiles/cmTC_0906a.dir/'
 /home/matheus/.espressif/tools/xtensa-esp32-elf/esp-2022r1-RC1-11.2.0/xtensa-esp32-elf/bin/../lib/gcc/xtensa-esp32-elf/11.2.0/../../../../xtensa-esp32-elf/bin/as --traditional-format -o CMakeFiles/cmTC_0906a.dir/CMakeCXXCompilerABI.cpp.o /tmp/cck0stSZ.s
COMPILER_PATH=/home/matheus/.espressif/tools/xtensa-esp32-elf/esp-2022r1-RC1-11.2.0/xtensa-esp32-elf/bin/../libexec/gcc/xtensa-esp32-elf/11.2.0/:/home/matheus/.espressif/tools/xtensa-esp32-elf/esp-2022r1-RC1-11.2.0/xtensa-esp32-elf/bin/../libexec/gcc/:/home/matheus/.espressif/tools/xtensa-esp32-elf/esp-2022r1-RC1-11.2.0/xtensa-esp32-elf/bin/../lib/gcc/xtensa-esp32-elf/11.2.0/../../../../xtensa-esp32-elf/bin/
LIBRARY_PATH=/home/matheus/.espressif/tools/xtensa-esp32-elf/esp-2022r1-RC1-11.2.0/xtensa-esp32-elf/bin/../lib/gcc/xtensa-esp32-elf/11.2.0/:/home/matheus/.espressif/tools/xtensa-esp32-elf/esp-2022r1-RC1-11.2.0/xtensa-esp32-elf/bin/../lib/gcc/:/home/matheus/.espressif/tools/xtensa-esp32-elf/esp-2022r1-RC1-11.2.0/xtensa-esp32-elf/bin/../lib/gcc/xtensa-esp32-elf/11.2.0/../../../../xtensa-esp32-elf/lib/
COLLECT_GCC_OPTIONS='-v' '-o' 'CMakeFiles/cmTC_0906a.dir/CMakeCXXCompilerABI.cpp.o' '-c' '-dumpdir' 'CMakeFiles/cmTC_0906a.dir/CMakeCXXCompilerABI.cpp.'
[2/2] Linking CXX executable cmTC_0906a
Using built-in specs.
COLLECT_GCC=/home/matheus/.espressif/tools/xtensa-esp32-elf/esp-2022r1-RC1-11.2.0/xtensa-esp32-elf/bin/xtensa-esp32-elf-g++
COLLECT_LTO_WRAPPER=/home/matheus/.espressif/tools/xtensa-esp32-elf/esp-2022r1-RC1-11.2.0/xtensa-esp32-elf/bin/../libexec/gcc/xtensa-esp32-elf/11.2.0/lto-wrapper
Target: xtensa-esp32-elf
Configured with: /builds/idf/crosstool-NG/.build/xtensa-esp32-elf/src/gcc/configure --build=x86_64-build_pc-linux-gnu --host=x86_64-build_pc-linux-gnu --target=xtensa-esp32-elf --prefix=/builds/idf/crosstool-NG/builds/xtensa-esp32-elf --exec_prefix=/builds/idf/crosstool-NG/builds/xtensa-esp32-elf --with-local-prefix=/builds/idf/crosstool-NG/builds/xtensa-esp32-elf/xtensa-esp32-elf --with-headers=/builds/idf/crosstool-NG/builds/xtensa-esp32-elf/xtensa-esp32-elf/include --with-newlib --enable-threads=no --disable-shared --with-pkgversion='crosstool-NG esp-2022r1-RC1' --disable-__cxa_atexit --enable-cxx-flags=-ffunction-sections --disable-libgomp --disable-libmudflap --disable-libmpx --disable-libssp --disable-libquadmath --disable-libquadmath-support --disable-libstdcxx-verbose --with-gmp=/builds/idf/crosstool-NG/.build/xtensa-esp32-elf/buildtools --with-mpfr=/builds/idf/crosstool-NG/.build/xtensa-esp32-elf/buildtools --with-mpc=/builds/idf/crosstool-NG/.build/xtensa-esp32-elf/buildtools --with-isl=/builds/idf/crosstool-NG/.build/xtensa-esp32-elf/buildtools --enable-lto --enable-target-optspace --without-long-double-128 --disable-nls --enable-multiarch --enable-languages=c,c++ --disable-libstdcxx-verbose --enable-threads=posix --enable-gcov-custom-rtio --enable-libstdcxx-time=yes
Thread model: posix
Supported LTO compression algorithms: zlib
gcc version 11.2.0 (crosstool-NG esp-2022r1-RC1) 
COMPILER_PATH=/home/matheus/.espressif/tools/xtensa-esp32-elf/esp-2022r1-RC1-11.2.0/xtensa-esp32-elf/bin/../libexec/gcc/xtensa-esp32-elf/11.2.0/:/home/matheus/.espressif/tools/xtensa-esp32-elf/esp-2022r1-RC1-11.2.0/xtensa-esp32-elf/bin/../libexec/gcc/:/home/matheus/.espressif/tools/xtensa-esp32-elf/esp-2022r1-RC1-11.2.0/xtensa-esp32-elf/bin/../lib/gcc/xtensa-esp32-elf/11.2.0/../../../../xtensa-esp32-elf/bin/
LIBRARY_PATH=/home/matheus/.espressif/tools/xtensa-esp32-elf/esp-2022r1-RC1-11.2.0/xtensa-esp32-elf/bin/../lib/gcc/xtensa-esp32-elf/11.2.0/:/home/matheus/.espressif/tools/xtensa-esp32-elf/esp-2022r1-RC1-11.2.0/xtensa-esp32-elf/bin/../lib/gcc/:/home/matheus/.espressif/tools/xtensa-esp32-elf/esp-2022r1-RC1-11.2.0/xtensa-esp32-elf/bin/../lib/gcc/xtensa-esp32-elf/11.2.0/../../../../xtensa-esp32-elf/lib/
COLLECT_GCC_OPTIONS='-v' '-rdynamic' '-o' 'cmTC_0906a' '-dumpdir' 'cmTC_0906a.'
 /home/matheus/.espressif/tools/xtensa-esp32-elf/esp-2022r1-RC1-11.2.0/xtensa-esp32-elf/bin/../libexec/gcc/xtensa-esp32-elf/11.2.0/collect2 -plugin /home/matheus/.espressif/tools/xtensa-esp32-elf/esp-2022r1-RC1-11.2.0/xtensa-esp32-elf/bin/../libexec/gcc/xtensa-esp32-elf/11.2.0/liblto_plugin.so -plugin-opt=/home/matheus/.espressif/tools/xtensa-esp32-elf/esp-2022r1-RC1-11.2.0/xtensa-esp32-elf/bin/../libexec/gcc/xtensa-esp32-elf/11.2.0/lto-wrapper -plugin-opt=-fresolution=/tmp/ccpGb7jU.res -plugin-opt=-pass-through=-lgcc -plugin-opt=-pass-through=-lc -plugin-opt=-pass-through=-lnosys -plugin-opt=-pass-through=-lc -plugin-opt=-pass-through=-lgcc -export-dynamic -o cmTC_0906a /home/matheus/.espressif/tools/xtensa-esp32-elf/esp-2022r1-RC1-11.2.0/xtensa-esp32-elf/bin/../lib/gcc/xtensa-esp32-elf/11.2.0/../../../../xtensa-esp32-elf/lib/crt0.o /home/matheus/.espressif/tools/xtensa-esp32-elf/esp-2022r1-RC1-11.2.0/xtensa-esp32-elf/bin/../lib/gcc/xtensa-esp32-elf/11.2.0/crti.o /home/matheus/.espressif/tools/xtensa-esp32-elf/esp-2022r1-RC1-11.2.0/xtensa-esp32-elf/bin/../lib/gcc/xtensa-esp32-elf/11.2.0/crtbegin.o -L/home/matheus/.espressif/tools/xtensa-esp32-elf/esp-2022r1-RC1-11.2.0/xtensa-esp32-elf/bin/../lib/gcc/xtensa-esp32-elf/11.2.0 -L/home/matheus/.espressif/tools/xtensa-esp32-elf/esp-2022r1-RC1-11.2.0/xtensa-esp32-elf/bin/../lib/gcc -L/home/matheus/.espressif/tools/xtensa-esp32-elf/esp-2022r1-RC1-11.2.0/xtensa-esp32-elf/bin/../lib/gcc/xtensa-esp32-elf/11.2.0/../../../../xtensa-esp32-elf/lib CMakeFiles/cmTC_0906a.dir/CMakeCXXCompilerABI.cpp.o -lstdc++ -lm -lgcc -lc -lnosys -lc -lgcc /home/matheus/.espressif/tools/xtensa-esp32-elf/esp-2022r1-RC1-11.2.0/xtensa-esp32-elf/bin/../lib/gcc/xtensa-esp32-elf/11.2.0/crtend.o /home/matheus/.espressif/tools/xtensa-esp32-elf/esp-2022r1-RC1-11.2.0/xtensa-esp32-elf/bin/../lib/gcc/xtensa-esp32-elf/11.2.0/crtn.o
COLLECT_GCC_OPTIONS='-v' '-rdynamic' '-o' 'cmTC_0906a' '-dumpdir' 'cmTC_0906a.'



Parsed CXX implicit include dir info from above output: rv=done
  found start of include info
  found start of implicit include info
    add: [/home/matheus/.espressif/tools/xtensa-esp32-elf/esp-2022r1-RC1-11.2.0/xtensa-esp32-elf/bin/../lib/gcc/xtensa-esp32-elf/11.2.0/../../../../xtensa-esp32-elf/include/c++/11.2.0]
    add: [/home/matheus/.espressif/tools/xtensa-esp32-elf/esp-2022r1-RC1-11.2.0/xtensa-esp32-elf/bin/../lib/gcc/xtensa-esp32-elf/11.2.0/../../../../xtensa-esp32-elf/include/c++/11.2.0/xtensa-esp32-elf]
    add: [/home/matheus/.espressif/tools/xtensa-esp32-elf/esp-2022r1-RC1-11.2.0/xtensa-esp32-elf/bin/../lib/gcc/xtensa-esp32-elf/11.2.0/../../../../xtensa-esp32-elf/include/c++/11.2.0/backward]
    add: [/home/matheus/.espressif/tools/xtensa-esp32-elf/esp-2022r1-RC1-11.2.0/xtensa-esp32-elf/bin/../lib/gcc/xtensa-esp32-elf/11.2.0/include]
    add: [/home/matheus/.espressif/tools/xtensa-esp32-elf/esp-2022r1-RC1-11.2.0/xtensa-esp32-elf/bin/../lib/gcc/xtensa-esp32-elf/11.2.0/include-fixed]
    add: [/home/matheus/.espressif/tools/xtensa-esp32-elf/esp-2022r1-RC1-11.2.0/xtensa-esp32-elf/bin/../lib/gcc/xtensa-esp32-elf/11.2.0/../../../../xtensa-esp32-elf/sys-include]
    add: [/home/matheus/.espressif/tools/xtensa-esp32-elf/esp-2022r1-RC1-11.2.0/xtensa-esp32-elf/bin/../lib/gcc/xtensa-esp32-elf/11.2.0/../../../../xtensa-esp32-elf/include]
  end of search list found
  collapse include dir [/home/matheus/.espressif/tools/xtensa-esp32-elf/esp-2022r1-RC1-11.2.0/xtensa-esp32-elf/bin/../lib/gcc/xtensa-esp32-elf/11.2.0/../../../../xtensa-esp32-elf/include/c++/11.2.0] ==> [/home/matheus/.espressif/tools/xtensa-esp32-elf/esp-2022r1-RC1-11.2.0/xtensa-esp32-elf/xtensa-esp32-elf/include/c++/11.2.0]
  collapse include dir [/home/matheus/.espressif/tools/xtensa-esp32-elf/esp-2022r1-RC1-11.2.0/xtensa-esp32-elf/bin/../lib/gcc/xtensa-esp32-elf/11.2.0/../../../../xtensa-esp32-elf/include/c++/11.2.0/xtensa-esp32-elf] ==> [/home/matheus/.espressif/tools/xtensa-esp32-elf/esp-2022r1-RC1-11.2.0/xtensa-esp32-elf/xtensa-esp32-elf/include/c++/11.2.0/xtensa-esp32-elf]
  collapse include dir [/home/matheus/.espressif/tools/xtensa-esp32-elf/esp-2022r1-RC1-11.2.0/xtensa-esp32-elf/bin/../lib/gcc/xtensa-esp32-elf/11.2.0/../../../../xtensa-esp32-elf/include/c++/11.2.0/backward] ==> [/home/matheus/.espressif/tools/xtensa-esp32-elf/esp-2022r1-RC1-11.2.0/xtensa-esp32-elf/xtensa-esp32-elf/include/c++/11.2.0/backward]
  collapse include dir [/home/matheus/.espressif/tools/xtensa-esp32-elf/esp-2022r1-RC1-11.2.0/xtensa-esp32-elf/bin/../lib/gcc/xtensa-esp32-elf/11.2.0/include] ==> [/home/matheus/.espressif/tools/xtensa-esp32-elf/esp-2022r1-RC1-11.2.0/xtensa-esp32-elf/lib/gcc/xtensa-esp32-elf/11.2.0/include]
  collapse include dir [/home/matheus/.espressif/tools/xtensa-esp32-elf/esp-2022r1-RC1-11.2.0/xtensa-esp32-elf/bin/../lib/gcc/xtensa-esp32-elf/11.2.0/include-fixed] ==> [/home/matheus/.espressif/tools/xtensa-esp32-elf/esp-2022r1-RC1-11.2.0/xtensa-esp32-elf/lib/gcc/xtensa-esp32-elf/11.2.0/include-fixed]
  collapse include dir [/home/matheus/.espressif/tools/xtensa-esp32-elf/esp-2022r1-RC1-11.2.0/xtensa-esp32-elf/bin/../lib/gcc/xtensa-esp32-elf/11.2.0/../../../../xtensa-esp32-elf/sys-include] ==> [/home/matheus/.espressif/tools/xtensa-esp32-elf/esp-2022r1-RC1-11.2.0/xtensa-esp32-elf/xtensa-esp32-elf/sys-include]
  collapse include dir [/home/matheus/.espressif/tools/xtensa-esp32-elf/esp-2022r1-RC1-11.2.0/xtensa-esp32-elf/bin/../lib/gcc/xtensa-esp32-elf/11.2.0/../../../../xtensa-esp32-elf/include] ==> [/home/matheus/.espressif/tools/xtensa-esp32-elf/esp-2022r1-RC1-11.2.0/xtensa-esp32-elf/xtensa-esp32-elf/include]
  implicit include dirs: [/home/matheus/.espressif/tools/xtensa-esp32-elf/esp-2022r1-RC1-11.2.0/xtensa-esp32-elf/xtensa-esp32-elf/include/c++/11.2.0;/home/matheus/.espressif/tools/xtensa-esp32-elf/esp-2022r1-RC1-11.2.0/xtensa-esp32-elf/xtensa-esp32-elf/include/c++/11.2.0/xtensa-esp32-elf;/home/matheus/.espressif/tools/xtensa-esp32-elf/esp-2022r1-RC1-11.2.0/xtensa-esp32-elf/xtensa-esp32-elf/include/c++/11.2.0/backward;/home/matheus/.espressif/tools/xtensa-esp32-elf/esp-2022r1-RC1-11.2.0/xtensa-esp32-elf/lib/gcc/xtensa-esp32-elf/11.2.0/include;/home/matheus/.espressif/tools/xtensa-esp32-elf/esp-2022r1-RC1-11.2.0/xtensa-esp32-elf/lib/gcc/xtensa-esp32-elf/11.2.0/include-fixed;/home/matheus/.espressif/tools/xtensa-esp32-elf/esp-2022r1-RC1-11.2.0/xtensa-esp32-elf/xtensa-esp32-elf/sys-include;/home/matheus/.espressif/tools/xtensa-esp32-elf/esp-2022r1-RC1-11.2.0/xtensa-esp32-elf/xtensa-esp32-elf/include]


Parsed CXX implicit link information from above output:
  link line regex: [^( *|.*[/\])(xtensa-esp32-elf-ld|CMAKE_LINK_STARTFILE-NOTFOUND|([^/\]+-)?ld|collect2)[^/\]*( |$)]
  ignore line: [Change Dir: /home/matheus/Documentos/Micro/lab03/main/cmake-build-debug/CMakeFiles/CMakeTmp]
  ignore line: []
  ignore line: [Run Build Command(s):/snap/clion/198/bin/ninja/linux/ninja cmTC_0906a && [1/2] Building CXX object CMakeFiles/cmTC_0906a.dir/CMakeCXXCompilerABI.cpp.o]
  ignore line: [Using built-in specs.]
  ignore line: [COLLECT_GCC=/home/matheus/.espressif/tools/xtensa-esp32-elf/esp-2022r1-RC1-11.2.0/xtensa-esp32-elf/bin/xtensa-esp32-elf-g++]
  ignore line: [Target: xtensa-esp32-elf]
  ignore line: [Configured with: /builds/idf/crosstool-NG/.build/xtensa-esp32-elf/src/gcc/configure --build=x86_64-build_pc-linux-gnu --host=x86_64-build_pc-linux-gnu --target=xtensa-esp32-elf --prefix=/builds/idf/crosstool-NG/builds/xtensa-esp32-elf --exec_prefix=/builds/idf/crosstool-NG/builds/xtensa-esp32-elf --with-local-prefix=/builds/idf/crosstool-NG/builds/xtensa-esp32-elf/xtensa-esp32-elf --with-headers=/builds/idf/crosstool-NG/builds/xtensa-esp32-elf/xtensa-esp32-elf/include --with-newlib --enable-threads=no --disable-shared --with-pkgversion='crosstool-NG esp-2022r1-RC1' --disable-__cxa_atexit --enable-cxx-flags=-ffunction-sections --disable-libgomp --disable-libmudflap --disable-libmpx --disable-libssp --disable-libquadmath --disable-libquadmath-support --disable-libstdcxx-verbose --with-gmp=/builds/idf/crosstool-NG/.build/xtensa-esp32-elf/buildtools --with-mpfr=/builds/idf/crosstool-NG/.build/xtensa-esp32-elf/buildtools --with-mpc=/builds/idf/crosstool-NG/.build/xtensa-esp32-elf/buildtools --with-isl=/builds/idf/crosstool-NG/.build/xtensa-esp32-elf/buildtools --enable-lto --enable-target-optspace --without-long-double-128 --disable-nls --enable-multiarch --enable-languages=c c++ --disable-libstdcxx-verbose --enable-threads=posix --enable-gcov-custom-rtio --enable-libstdcxx-time=yes]
  ignore line: [Thread model: posix]
  ignore line: [Supported LTO compression algorithms: zlib]
  ignore line: [gcc version 11.2.0 (crosstool-NG esp-2022r1-RC1) ]
  ignore line: [COLLECT_GCC_OPTIONS='-v' '-o' 'CMakeFiles/cmTC_0906a.dir/CMakeCXXCompilerABI.cpp.o' '-c' '-dumpdir' 'CMakeFiles/cmTC_0906a.dir/']
  ignore line: [ /home/matheus/.espressif/tools/xtensa-esp32-elf/esp-2022r1-RC1-11.2.0/xtensa-esp32-elf/bin/../libexec/gcc/xtensa-esp32-elf/11.2.0/cc1plus -quiet -v -iprefix /home/matheus/.espressif/tools/xtensa-esp32-elf/esp-2022r1-RC1-11.2.0/xtensa-esp32-elf/bin/../lib/gcc/xtensa-esp32-elf/11.2.0/ /snap/clion/198/bin/cmake/linux/share/cmake-3.22/Modules/CMakeCXXCompilerABI.cpp -quiet -dumpdir CMakeFiles/cmTC_0906a.dir/ -dumpbase CMakeCXXCompilerABI.cpp.cpp -dumpbase-ext .cpp -version -o /tmp/cck0stSZ.s]
  ignore line: [GNU C++17 (crosstool-NG esp-2022r1-RC1) version 11.2.0 (xtensa-esp32-elf)]
  ignore line: [	compiled by GNU C version 4.9.2  GMP version 6.2.1  MPFR version 4.1.0  MPC version 1.2.1  isl version isl-0.24-GMP]
  ignore line: []
  ignore line: [GGC heuristics: --param ggc-min-expand=100 --param ggc-min-heapsize=131072]
  ignore line: [ignoring duplicate directory "/home/matheus/.espressif/tools/xtensa-esp32-elf/esp-2022r1-RC1-11.2.0/xtensa-esp32-elf/bin/../lib/gcc/../../lib/gcc/xtensa-esp32-elf/11.2.0/../../../../xtensa-esp32-elf/include/c++/11.2.0"]
  ignore line: [ignoring duplicate directory "/home/matheus/.espressif/tools/xtensa-esp32-elf/esp-2022r1-RC1-11.2.0/xtensa-esp32-elf/bin/../lib/gcc/../../lib/gcc/xtensa-esp32-elf/11.2.0/../../../../xtensa-esp32-elf/include/c++/11.2.0/xtensa-esp32-elf"]
  ignore line: [ignoring duplicate directory "/home/matheus/.espressif/tools/xtensa-esp32-elf/esp-2022r1-RC1-11.2.0/xtensa-esp32-elf/bin/../lib/gcc/../../lib/gcc/xtensa-esp32-elf/11.2.0/../../../../xtensa-esp32-elf/include/c++/11.2.0/backward"]
  ignore line: [ignoring duplicate directory "/home/matheus/.espressif/tools/xtensa-esp32-elf/esp-2022r1-RC1-11.2.0/xtensa-esp32-elf/bin/../lib/gcc/../../lib/gcc/xtensa-esp32-elf/11.2.0/include"]
  ignore line: [ignoring duplicate directory "/home/matheus/.espressif/tools/xtensa-esp32-elf/esp-2022r1-RC1-11.2.0/xtensa-esp32-elf/bin/../lib/gcc/../../lib/gcc/xtensa-esp32-elf/11.2.0/include-fixed"]
  ignore line: [ignoring duplicate directory "/home/matheus/.espressif/tools/xtensa-esp32-elf/esp-2022r1-RC1-11.2.0/xtensa-esp32-elf/bin/../lib/gcc/../../lib/gcc/xtensa-esp32-elf/11.2.0/../../../../xtensa-esp32-elf/sys-include"]
  ignore line: [ignoring duplicate directory "/home/matheus/.espressif/tools/xtensa-esp32-elf/esp-2022r1-RC1-11.2.0/xtensa-esp32-elf/bin/../lib/gcc/../../lib/gcc/xtensa-esp32-elf/11.2.0/../../../../xtensa-esp32-elf/include"]
  ignore line: [#include "..." search starts here:]
  ignore line: [#include <...> search starts here:]
  ignore line: [ /home/matheus/.espressif/tools/xtensa-esp32-elf/esp-2022r1-RC1-11.2.0/xtensa-esp32-elf/bin/../lib/gcc/xtensa-esp32-elf/11.2.0/../../../../xtensa-esp32-elf/include/c++/11.2.0]
  ignore line: [ /home/matheus/.espressif/tools/xtensa-esp32-elf/esp-2022r1-RC1-11.2.0/xtensa-esp32-elf/bin/../lib/gcc/xtensa-esp32-elf/11.2.0/../../../../xtensa-esp32-elf/include/c++/11.2.0/xtensa-esp32-elf]
  ignore line: [ /home/matheus/.espressif/tools/xtensa-esp32-elf/esp-2022r1-RC1-11.2.0/xtensa-esp32-elf/bin/../lib/gcc/xtensa-esp32-elf/11.2.0/../../../../xtensa-esp32-elf/include/c++/11.2.0/backward]
  ignore line: [ /home/matheus/.espressif/tools/xtensa-esp32-elf/esp-2022r1-RC1-11.2.0/xtensa-esp32-elf/bin/../lib/gcc/xtensa-esp32-elf/11.2.0/include]
  ignore line: [ /home/matheus/.espressif/tools/xtensa-esp32-elf/esp-2022r1-RC1-11.2.0/xtensa-esp32-elf/bin/../lib/gcc/xtensa-esp32-elf/11.2.0/include-fixed]
  ignore line: [ /home/matheus/.espressif/tools/xtensa-esp32-elf/esp-2022r1-RC1-11.2.0/xtensa-esp32-elf/bin/../lib/gcc/xtensa-esp32-elf/11.2.0/../../../../xtensa-esp32-elf/sys-include]
  ignore line: [ /home/matheus/.espressif/tools/xtensa-esp32-elf/esp-2022r1-RC1-11.2.0/xtensa-esp32-elf/bin/../lib/gcc/xtensa-esp32-elf/11.2.0/../../../../xtensa-esp32-elf/include]
  ignore line: [End of search list.]
  ignore line: [GNU C++17 (crosstool-NG esp-2022r1-RC1) version 11.2.0 (xtensa-esp32-elf)]
  ignore line: [	compiled by GNU C version 4.9.2  GMP version 6.2.1  MPFR version 4.1.0  MPC version 1.2.1  isl version isl-0.24-GMP]
  ignore line: []
  ignore line: [GGC heuristics: --param ggc-min-expand=100 --param ggc-min-heapsize=131072]
  ignore line: [Compiler executable checksum: 902862fc8915f79a1a5c24e996c9d4be]
  ignore line: [COLLECT_GCC_OPTIONS='-v' '-o' 'CMakeFiles/cmTC_0906a.dir/CMakeCXXCompilerABI.cpp.o' '-c' '-dumpdir' 'CMakeFiles/cmTC_0906a.dir/']
  ignore line: [ /home/matheus/.espressif/tools/xtensa-esp32-elf/esp-2022r1-RC1-11.2.0/xtensa-esp32-elf/bin/../lib/gcc/xtensa-esp32-elf/11.2.0/../../../../xtensa-esp32-elf/bin/as --traditional-format -o CMakeFiles/cmTC_0906a.dir/CMakeCXXCompilerABI.cpp.o /tmp/cck0stSZ.s]
  ignore line: [COMPILER_PATH=/home/matheus/.espressif/tools/xtensa-esp32-elf/esp-2022r1-RC1-11.2.0/xtensa-esp32-elf/bin/../libexec/gcc/xtensa-esp32-elf/11.2.0/:/home/matheus/.espressif/tools/xtensa-esp32-elf/esp-2022r1-RC1-11.2.0/xtensa-esp32-elf/bin/../libexec/gcc/:/home/matheus/.espressif/tools/xtensa-esp32-elf/esp-2022r1-RC1-11.2.0/xtensa-esp32-elf/bin/../lib/gcc/xtensa-esp32-elf/11.2.0/../../../../xtensa-esp32-elf/bin/]
  ignore line: [LIBRARY_PATH=/home/matheus/.espressif/tools/xtensa-esp32-elf/esp-2022r1-RC1-11.2.0/xtensa-esp32-elf/bin/../lib/gcc/xtensa-esp32-elf/11.2.0/:/home/matheus/.espressif/tools/xtensa-esp32-elf/esp-2022r1-RC1-11.2.0/xtensa-esp32-elf/bin/../lib/gcc/:/home/matheus/.espressif/tools/xtensa-esp32-elf/esp-2022r1-RC1-11.2.0/xtensa-esp32-elf/bin/../lib/gcc/xtensa-esp32-elf/11.2.0/../../../../xtensa-esp32-elf/lib/]
  ignore line: [COLLECT_GCC_OPTIONS='-v' '-o' 'CMakeFiles/cmTC_0906a.dir/CMakeCXXCompilerABI.cpp.o' '-c' '-dumpdir' 'CMakeFiles/cmTC_0906a.dir/CMakeCXXCompilerABI.cpp.']
  ignore line: [[2/2] Linking CXX executable cmTC_0906a]
  ignore line: [Using built-in specs.]
  ignore line: [COLLECT_GCC=/home/matheus/.espressif/tools/xtensa-esp32-elf/esp-2022r1-RC1-11.2.0/xtensa-esp32-elf/bin/xtensa-esp32-elf-g++]
  ignore line: [COLLECT_LTO_WRAPPER=/home/matheus/.espressif/tools/xtensa-esp32-elf/esp-2022r1-RC1-11.2.0/xtensa-esp32-elf/bin/../libexec/gcc/xtensa-esp32-elf/11.2.0/lto-wrapper]
  ignore line: [Target: xtensa-esp32-elf]
  ignore line: [Configured with: /builds/idf/crosstool-NG/.build/xtensa-esp32-elf/src/gcc/configure --build=x86_64-build_pc-linux-gnu --host=x86_64-build_pc-linux-gnu --target=xtensa-esp32-elf --prefix=/builds/idf/crosstool-NG/builds/xtensa-esp32-elf --exec_prefix=/builds/idf/crosstool-NG/builds/xtensa-esp32-elf --with-local-prefix=/builds/idf/crosstool-NG/builds/xtensa-esp32-elf/xtensa-esp32-elf --with-headers=/builds/idf/crosstool-NG/builds/xtensa-esp32-elf/xtensa-esp32-elf/include --with-newlib --enable-threads=no --disable-shared --with-pkgversion='crosstool-NG esp-2022r1-RC1' --disable-__cxa_atexit --enable-cxx-flags=-ffunction-sections --disable-libgomp --disable-libmudflap --disable-libmpx --disable-libssp --disable-libquadmath --disable-libquadmath-support --disable-libstdcxx-verbose --with-gmp=/builds/idf/crosstool-NG/.build/xtensa-esp32-elf/buildtools --with-mpfr=/builds/idf/crosstool-NG/.build/xtensa-esp32-elf/buildtools --with-mpc=/builds/idf/crosstool-NG/.build/xtensa-esp32-elf/buildtools --with-isl=/builds/idf/crosstool-NG/.build/xtensa-esp32-elf/buildtools --enable-lto --enable-target-optspace --without-long-double-128 --disable-nls --enable-multiarch --enable-languages=c c++ --disable-libstdcxx-verbose --enable-threads=posix --enable-gcov-custom-rtio --enable-libstdcxx-time=yes]
  ignore line: [Thread model: posix]
  ignore line: [Supported LTO compression algorithms: zlib]
  ignore line: [gcc version 11.2.0 (crosstool-NG esp-2022r1-RC1) ]
  ignore line: [COMPILER_PATH=/home/matheus/.espressif/tools/xtensa-esp32-elf/esp-2022r1-RC1-11.2.0/xtensa-esp32-elf/bin/../libexec/gcc/xtensa-esp32-elf/11.2.0/:/home/matheus/.espressif/tools/xtensa-esp32-elf/esp-2022r1-RC1-11.2.0/xtensa-esp32-elf/bin/../libexec/gcc/:/home/matheus/.espressif/tools/xtensa-esp32-elf/esp-2022r1-RC1-11.2.0/xtensa-esp32-elf/bin/../lib/gcc/xtensa-esp32-elf/11.2.0/../../../../xtensa-esp32-elf/bin/]
  ignore line: [LIBRARY_PATH=/home/matheus/.espressif/tools/xtensa-esp32-elf/esp-2022r1-RC1-11.2.0/xtensa-esp32-elf/bin/../lib/gcc/xtensa-esp32-elf/11.2.0/:/home/matheus/.espressif/tools/xtensa-esp32-elf/esp-2022r1-RC1-11.2.0/xtensa-esp32-elf/bin/../lib/gcc/:/home/matheus/.espressif/tools/xtensa-esp32-elf/esp-2022r1-RC1-11.2.0/xtensa-esp32-elf/bin/../lib/gcc/xtensa-esp32-elf/11.2.0/../../../../xtensa-esp32-elf/lib/]
  ignore line: [COLLECT_GCC_OPTIONS='-v' '-rdynamic' '-o' 'cmTC_0906a' '-dumpdir' 'cmTC_0906a.']
  link line: [ /home/matheus/.espressif/tools/xtensa-esp32-elf/esp-2022r1-RC1-11.2.0/xtensa-esp32-elf/bin/../libexec/gcc/xtensa-esp32-elf/11.2.0/collect2 -plugin /home/matheus/.espressif/tools/xtensa-esp32-elf/esp-2022r1-RC1-11.2.0/xtensa-esp32-elf/bin/../libexec/gcc/xtensa-esp32-elf/11.2.0/liblto_plugin.so -plugin-opt=/home/matheus/.espressif/tools/xtensa-esp32-elf/esp-2022r1-RC1-11.2.0/xtensa-esp32-elf/bin/../libexec/gcc/xtensa-esp32-elf/11.2.0/lto-wrapper -plugin-opt=-fresolution=/tmp/ccpGb7jU.res -plugin-opt=-pass-through=-lgcc -plugin-opt=-pass-through=-lc -plugin-opt=-pass-through=-lnosys -plugin-opt=-pass-through=-lc -plugin-opt=-pass-through=-lgcc -export-dynamic -o cmTC_0906a /home/matheus/.espressif/tools/xtensa-esp32-elf/esp-2022r1-RC1-11.2.0/xtensa-esp32-elf/bin/../lib/gcc/xtensa-esp32-elf/11.2.0/../../../../xtensa-esp32-elf/lib/crt0.o /home/matheus/.espressif/tools/xtensa-esp32-elf/esp-2022r1-RC1-11.2.0/xtensa-esp32-elf/bin/../lib/gcc/xtensa-esp32-elf/11.2.0/crti.o /home/matheus/.espressif/tools/xtensa-esp32-elf/esp-2022r1-RC1-11.2.0/xtensa-esp32-elf/bin/../lib/gcc/xtensa-esp32-elf/11.2.0/crtbegin.o -L/home/matheus/.espressif/tools/xtensa-esp32-elf/esp-2022r1-RC1-11.2.0/xtensa-esp32-elf/bin/../lib/gcc/xtensa-esp32-elf/11.2.0 -L/home/matheus/.espressif/tools/xtensa-esp32-elf/esp-2022r1-RC1-11.2.0/xtensa-esp32-elf/bin/../lib/gcc -L/home/matheus/.espressif/tools/xtensa-esp32-elf/esp-2022r1-RC1-11.2.0/xtensa-esp32-elf/bin/../lib/gcc/xtensa-esp32-elf/11.2.0/../../../../xtensa-esp32-elf/lib CMakeFiles/cmTC_0906a.dir/CMakeCXXCompilerABI.cpp.o -lstdc++ -lm -lgcc -lc -lnosys -lc -lgcc /home/matheus/.espressif/tools/xtensa-esp32-elf/esp-2022r1-RC1-11.2.0/xtensa-esp32-elf/bin/../lib/gcc/xtensa-esp32-elf/11.2.0/crtend.o /home/matheus/.espressif/tools/xtensa-esp32-elf/esp-2022r1-RC1-11.2.0/xtensa-esp32-elf/bin/../lib/gcc/xtensa-esp32-elf/11.2.0/crtn.o]
    arg [/home/matheus/.espressif/tools/xtensa-esp32-elf/esp-2022r1-RC1-11.2.0/xtensa-esp32-elf/bin/../libexec/gcc/xtensa-esp32-elf/11.2.0/collect2] ==> ignore
    arg [-plugin] ==> ignore
    arg [/home/matheus/.espressif/tools/xtensa-esp32-elf/esp-2022r1-RC1-11.2.0/xtensa-esp32-elf/bin/../libexec/gcc/xtensa-esp32-elf/11.2.0/liblto_plugin.so] ==> ignore
    arg [-plugin-opt=/home/matheus/.espressif/tools/xtensa-esp32-elf/esp-2022r1-RC1-11.2.0/xtensa-esp32-elf/bin/../libexec/gcc/xtensa-esp32-elf/11.2.0/lto-wrapper] ==> ignore
    arg [-plugin-opt=-fresolution=/tmp/ccpGb7jU.res] ==> ignore
    arg [-plugin-opt=-pass-through=-lgcc] ==> ignore
    arg [-plugin-opt=-pass-through=-lc] ==> ignore
    arg [-plugin-opt=-pass-through=-lnosys] ==> ignore
    arg [-plugin-opt=-pass-through=-lc] ==> ignore
    arg [-plugin-opt=-pass-through=-lgcc] ==> ignore
    arg [-export-dynamic] ==> ignore
    arg [-o] ==> ignore
    arg [cmTC_0906a] ==> ignore
    arg [/home/matheus/.espressif/tools/xtensa-esp32-elf/esp-2022r1-RC1-11.2.0/xtensa-esp32-elf/bin/../lib/gcc/xtensa-esp32-elf/11.2.0/../../../../xtensa-esp32-elf/lib/crt0.o] ==> obj [/home/matheus/.espressif/tools/xtensa-esp32-elf/esp-2022r1-RC1-11.2.0/xtensa-esp32-elf/bin/../lib/gcc/xtensa-esp32-elf/11.2.0/../../../../xtensa-esp32-elf/lib/crt0.o]
    arg [/home/matheus/.espressif/tools/xtensa-esp32-elf/esp-2022r1-RC1-11.2.0/xtensa-esp32-elf/bin/../lib/gcc/xtensa-esp32-elf/11.2.0/crti.o] ==> obj [/home/matheus/.espressif/tools/xtensa-esp32-elf/esp-2022r1-RC1-11.2.0/xtensa-esp32-elf/bin/../lib/gcc/xtensa-esp32-elf/11.2.0/crti.o]
    arg [/home/matheus/.espressif/tools/xtensa-esp32-elf/esp-2022r1-RC1-11.2.0/xtensa-esp32-elf/bin/../lib/gcc/xtensa-esp32-elf/11.2.0/crtbegin.o] ==> obj [/home/matheus/.espressif/tools/xtensa-esp32-elf/esp-2022r1-RC1-11.2.0/xtensa-esp32-elf/bin/../lib/gcc/xtensa-esp32-elf/11.2.0/crtbegin.o]
    arg [-L/home/matheus/.espressif/tools/xtensa-esp32-elf/esp-2022r1-RC1-11.2.0/xtensa-esp32-elf/bin/../lib/gcc/xtensa-esp32-elf/11.2.0] ==> dir [/home/matheus/.espressif/tools/xtensa-esp32-elf/esp-2022r1-RC1-11.2.0/xtensa-esp32-elf/bin/../lib/gcc/xtensa-esp32-elf/11.2.0]
    arg [-L/home/matheus/.espressif/tools/xtensa-esp32-elf/esp-2022r1-RC1-11.2.0/xtensa-esp32-elf/bin/../lib/gcc] ==> dir [/home/matheus/.espressif/tools/xtensa-esp32-elf/esp-2022r1-RC1-11.2.0/xtensa-esp32-elf/bin/../lib/gcc]
    arg [-L/home/matheus/.espressif/tools/xtensa-esp32-elf/esp-2022r1-RC1-11.2.0/xtensa-esp32-elf/bin/../lib/gcc/xtensa-esp32-elf/11.2.0/../../../../xtensa-esp32-elf/lib] ==> dir [/home/matheus/.espressif/tools/xtensa-esp32-elf/esp-2022r1-RC1-11.2.0/xtensa-esp32-elf/bin/../lib/gcc/xtensa-esp32-elf/11.2.0/../../../../xtensa-esp32-elf/lib]
    arg [CMakeFiles/cmTC_0906a.dir/CMakeCXXCompilerABI.cpp.o] ==> ignore
    arg [-lstdc++] ==> lib [stdc++]
    arg [-lm] ==> lib [m]
    arg [-lgcc] ==> lib [gcc]
    arg [-lc] ==> lib [c]
    arg [-lnosys] ==> lib [nosys]
    arg [-lc] ==> lib [c]
    arg [-lgcc] ==> lib [gcc]
    arg [/home/matheus/.espressif/tools/xtensa-esp32-elf/esp-2022r1-RC1-11.2.0/xtensa-esp32-elf/bin/../lib/gcc/xtensa-esp32-elf/11.2.0/crtend.o] ==> obj [/home/matheus/.espressif/tools/xtensa-esp32-elf/esp-2022r1-RC1-11.2.0/xtensa-esp32-elf/bin/../lib/gcc/xtensa-esp32-elf/11.2.0/crtend.o]
    arg [/home/matheus/.espressif/tools/xtensa-esp32-elf/esp-2022r1-RC1-11.2.0/xtensa-esp32-elf/bin/../lib/gcc/xtensa-esp32-elf/11.2.0/crtn.o] ==> obj [/home/matheus/.espressif/tools/xtensa-esp32-elf/esp-2022r1-RC1-11.2.0/xtensa-esp32-elf/bin/../lib/gcc/xtensa-esp32-elf/11.2.0/crtn.o]
  collapse obj [/home/matheus/.espressif/tools/xtensa-esp32-elf/esp-2022r1-RC1-11.2.0/xtensa-esp32-elf/bin/../lib/gcc/xtensa-esp32-elf/11.2.0/../../../../xtensa-esp32-elf/lib/crt0.o] ==> [/home/matheus/.espressif/tools/xtensa-esp32-elf/esp-2022r1-RC1-11.2.0/xtensa-esp32-elf/xtensa-esp32-elf/lib/crt0.o]
  collapse obj [/home/matheus/.espressif/tools/xtensa-esp32-elf/esp-2022r1-RC1-11.2.0/xtensa-esp32-elf/bin/../lib/gcc/xtensa-esp32-elf/11.2.0/crti.o] ==> [/home/matheus/.espressif/tools/xtensa-esp32-elf/esp-2022r1-RC1-11.2.0/xtensa-esp32-elf/lib/gcc/xtensa-esp32-elf/11.2.0/crti.o]
  collapse obj [/home/matheus/.espressif/tools/xtensa-esp32-elf/esp-2022r1-RC1-11.2.0/xtensa-esp32-elf/bin/../lib/gcc/xtensa-esp32-elf/11.2.0/crtbegin.o] ==> [/home/matheus/.espressif/tools/xtensa-esp32-elf/esp-2022r1-RC1-11.2.0/xtensa-esp32-elf/lib/gcc/xtensa-esp32-elf/11.2.0/crtbegin.o]
  collapse obj [/home/matheus/.espressif/tools/xtensa-esp32-elf/esp-2022r1-RC1-11.2.0/xtensa-esp32-elf/bin/../lib/gcc/xtensa-esp32-elf/11.2.0/crtend.o] ==> [/home/matheus/.espressif/tools/xtensa-esp32-elf/esp-2022r1-RC1-11.2.0/xtensa-esp32-elf/lib/gcc/xtensa-esp32-elf/11.2.0/crtend.o]
  collapse obj [/home/matheus/.espressif/tools/xtensa-esp32-elf/esp-2022r1-RC1-11.2.0/xtensa-esp32-elf/bin/../lib/gcc/xtensa-esp32-elf/11.2.0/crtn.o] ==> [/home/matheus/.espressif/tools/xtensa-esp32-elf/esp-2022r1-RC1-11.2.0/xtensa-esp32-elf/lib/gcc/xtensa-esp32-elf/11.2.0/crtn.o]
  collapse library dir [/home/matheus/.espressif/tools/xtensa-esp32-elf/esp-2022r1-RC1-11.2.0/xtensa-esp32-elf/bin/../lib/gcc/xtensa-esp32-elf/11.2.0] ==> [/home/matheus/.espressif/tools/xtensa-esp32-elf/esp-2022r1-RC1-11.2.0/xtensa-esp32-elf/lib/gcc/xtensa-esp32-elf/11.2.0]
  collapse library dir [/home/matheus/.espressif/tools/xtensa-esp32-elf/esp-2022r1-RC1-11.2.0/xtensa-esp32-elf/bin/../lib/gcc] ==> [/home/matheus/.espressif/tools/xtensa-esp32-elf/esp-2022r1-RC1-11.2.0/xtensa-esp32-elf/lib/gcc]
  collapse library dir [/home/matheus/.espressif/tools/xtensa-esp32-elf/esp-2022r1-RC1-11.2.0/xtensa-esp32-elf/bin/../lib/gcc/xtensa-esp32-elf/11.2.0/../../../../xtensa-esp32-elf/lib] ==> [/home/matheus/.espressif/tools/xtensa-esp32-elf/esp-2022r1-RC1-11.2.0/xtensa-esp32-elf/xtensa-esp32-elf/lib]
  implicit libs: [stdc++;m;gcc;c;nosys;c;gcc]
  implicit objs: [/home/matheus/.espressif/tools/xtensa-esp32-elf/esp-2022r1-RC1-11.2.0/xtensa-esp32-elf/xtensa-esp32-elf/lib/crt0.o;/home/matheus/.espressif/tools/xtensa-esp32-elf/esp-2022r1-RC1-11.2.0/xtensa-esp32-elf/lib/gcc/xtensa-esp32-elf/11.2.0/crti.o;/home/matheus/.espressif/tools/xtensa-esp32-elf/esp-2022r1-RC1-11.2.0/xtensa-esp32-elf/lib/gcc/xtensa-esp32-elf/11.2.0/crtbegin.o;/home/matheus/.espressif/tools/xtensa-esp32-elf/esp-2022r1-RC1-11.2.0/xtensa-esp32-elf/lib/gcc/xtensa-esp32-elf/11.2.0/crtend.o;/home/matheus/.espressif/tools/xtensa-esp32-elf/esp-2022r1-RC1-11.2.0/xtensa-esp32-elf/lib/gcc/xtensa-esp32-elf/11.2.0/crtn.o]
  implicit dirs: [/home/matheus/.espressif/tools/xtensa-esp32-elf/esp-2022r1-RC1-11.2.0/xtensa-esp32-elf/lib/gcc/xtensa-esp32-elf/11.2.0;/home/matheus/.espressif/tools/xtensa-esp32-elf/esp-2022r1-RC1-11.2.0/xtensa-esp32-elf/lib/gcc;/home/matheus/.espressif/tools/xtensa-esp32-elf/esp-2022r1-RC1-11.2.0/xtensa-esp32-elf/xtensa-esp32-elf/lib]
  implicit fwks: []


